/Users/abhishekdubey/Downloads/Maxxit/services/venv/lib/python3.13/site-packages/web3/__init__.py:2: UserWarning: pkg_resources is deprecated as an API. See https://setuptools.pypa.io/en/latest/pkg_resources.html. The pkg_resources package is slated for removal as early as 2025-11-30. Refrain from using this package or pin to Setuptools<81.
  import pkg_resources
WARNING:root:Could not apply monkey-patch: cannot import name 'SignedTransaction' from 'web3.types' (/Users/abhishekdubey/Downloads/Maxxit/services/venv/lib/python3.13/site-packages/web3/types.py)
 * Serving Flask app 'ostium-service'
 * Debug mode: off
INFO:werkzeug:[31m[1mWARNING: This is a development server. Do not use it in a production deployment. Use a production WSGI server instead.[0m
 * Running on all addresses (0.0.0.0)
 * Running on http://127.0.0.1:5002
 * Running on http://192.168.1.19:5002
INFO:werkzeug:[33mPress CTRL+C to quit[0m
INFO:werkzeug:127.0.0.1 - - [09/Nov/2025 15:59:49] "POST /positions HTTP/1.1" 200 -
INFO:werkzeug:127.0.0.1 - - [09/Nov/2025 15:59:53] "POST /positions HTTP/1.1" 200 -
INFO:werkzeug:127.0.0.1 - - [09/Nov/2025 15:59:56] "POST /positions HTTP/1.1" 200 -
INFO:werkzeug:127.0.0.1 - - [09/Nov/2025 16:00:20] "POST /positions HTTP/1.1" 200 -
INFO:werkzeug:127.0.0.1 - - [09/Nov/2025 16:00:22] "POST /positions HTTP/1.1" 200 -
INFO:werkzeug:127.0.0.1 - - [09/Nov/2025 16:00:24] "POST /positions HTTP/1.1" 200 -
INFO:werkzeug:127.0.0.1 - - [09/Nov/2025 16:00:27] "POST /positions HTTP/1.1" 200 -
INFO:werkzeug:127.0.0.1 - - [09/Nov/2025 16:00:49] "POST /positions HTTP/1.1" 200 -
INFO:werkzeug:127.0.0.1 - - [09/Nov/2025 16:00:52] "POST /positions HTTP/1.1" 200 -
INFO:werkzeug:127.0.0.1 - - [09/Nov/2025 16:00:56] "POST /positions HTTP/1.1" 200 -
INFO:werkzeug:127.0.0.1 - - [09/Nov/2025 16:01:03] "POST /positions HTTP/1.1" 200 -
INFO:werkzeug:127.0.0.1 - - [09/Nov/2025 16:01:06] "POST /positions HTTP/1.1" 200 -
INFO:werkzeug:127.0.0.1 - - [09/Nov/2025 16:01:36] "POST /positions HTTP/1.1" 200 -
INFO:werkzeug:127.0.0.1 - - [09/Nov/2025 16:01:40] "POST /positions HTTP/1.1" 200 -
INFO:werkzeug:127.0.0.1 - - [09/Nov/2025 16:03:01] "POST /positions HTTP/1.1" 200 -
INFO:werkzeug:127.0.0.1 - - [09/Nov/2025 16:03:07] "POST /positions HTTP/1.1" 200 -
INFO:werkzeug:127.0.0.1 - - [09/Nov/2025 16:03:11] "POST /positions HTTP/1.1" 200 -
INFO:werkzeug:127.0.0.1 - - [09/Nov/2025 16:03:19] "POST /positions HTTP/1.1" 200 -
INFO:werkzeug:127.0.0.1 - - [09/Nov/2025 16:03:24] "POST /positions HTTP/1.1" 200 -
INFO:werkzeug:127.0.0.1 - - [09/Nov/2025 16:03:29] "POST /positions HTTP/1.1" 200 -
INFO:werkzeug:127.0.0.1 - - [09/Nov/2025 16:03:49] "POST /positions HTTP/1.1" 200 -
INFO:werkzeug:127.0.0.1 - - [09/Nov/2025 16:03:52] "POST /positions HTTP/1.1" 200 -
INFO:werkzeug:127.0.0.1 - - [09/Nov/2025 16:03:55] "POST /positions HTTP/1.1" 200 -
INFO:werkzeug:127.0.0.1 - - [09/Nov/2025 16:04:02] "POST /positions HTTP/1.1" 200 -
INFO:werkzeug:127.0.0.1 - - [09/Nov/2025 16:04:05] "POST /positions HTTP/1.1" 200 -
INFO:werkzeug:127.0.0.1 - - [09/Nov/2025 16:04:09] "POST /positions HTTP/1.1" 200 -
INFO:werkzeug:127.0.0.1 - - [09/Nov/2025 16:04:19] "POST /positions HTTP/1.1" 200 -
INFO:werkzeug:127.0.0.1 - - [09/Nov/2025 16:04:23] "POST /positions HTTP/1.1" 200 -
INFO:werkzeug:127.0.0.1 - - [09/Nov/2025 16:04:27] "POST /positions HTTP/1.1" 200 -
INFO:werkzeug:127.0.0.1 - - [09/Nov/2025 16:04:49] "POST /positions HTTP/1.1" 200 -
INFO:werkzeug:127.0.0.1 - - [09/Nov/2025 16:04:52] "POST /positions HTTP/1.1" 200 -
INFO:werkzeug:127.0.0.1 - - [09/Nov/2025 16:04:55] "POST /positions HTTP/1.1" 200 -
INFO:werkzeug:127.0.0.1 - - [09/Nov/2025 16:04:59] "POST /positions HTTP/1.1" 200 -
INFO:werkzeug:127.0.0.1 - - [09/Nov/2025 16:05:03] "POST /positions HTTP/1.1" 200 -
INFO:werkzeug:127.0.0.1 - - [09/Nov/2025 16:05:07] "POST /positions HTTP/1.1" 200 -
INFO:werkzeug:127.0.0.1 - - [09/Nov/2025 16:10:47] "POST /positions HTTP/1.1" 200 -
INFO:werkzeug:127.0.0.1 - - [09/Nov/2025 16:10:51] "POST /positions HTTP/1.1" 200 -
INFO:werkzeug:127.0.0.1 - - [09/Nov/2025 16:10:55] "POST /positions HTTP/1.1" 200 -
INFO:werkzeug:127.0.0.1 - - [09/Nov/2025 16:11:15] "POST /positions HTTP/1.1" 200 -
INFO:werkzeug:127.0.0.1 - - [09/Nov/2025 16:11:19] "POST /positions HTTP/1.1" 200 -
INFO:werkzeug:127.0.0.1 - - [09/Nov/2025 16:11:22] "POST /positions HTTP/1.1" 200 -
INFO:werkzeug:127.0.0.1 - - [09/Nov/2025 16:11:45] "POST /positions HTTP/1.1" 200 -
INFO:werkzeug:127.0.0.1 - - [09/Nov/2025 16:11:48] "POST /positions HTTP/1.1" 200 -
INFO:werkzeug:127.0.0.1 - - [09/Nov/2025 16:11:51] "POST /positions HTTP/1.1" 200 -
INFO:werkzeug:127.0.0.1 - - [09/Nov/2025 16:12:15] "POST /positions HTTP/1.1" 200 -
INFO:werkzeug:127.0.0.1 - - [09/Nov/2025 16:12:18] "POST /positions HTTP/1.1" 200 -
INFO:werkzeug:127.0.0.1 - - [09/Nov/2025 16:12:21] "POST /positions HTTP/1.1" 200 -
INFO:werkzeug:127.0.0.1 - - [09/Nov/2025 16:12:45] "POST /positions HTTP/1.1" 200 -
INFO:werkzeug:127.0.0.1 - - [09/Nov/2025 16:12:49] "POST /positions HTTP/1.1" 200 -
INFO:werkzeug:127.0.0.1 - - [09/Nov/2025 16:12:52] "POST /positions HTTP/1.1" 200 -
INFO:werkzeug:127.0.0.1 - - [09/Nov/2025 16:13:15] "POST /positions HTTP/1.1" 200 -
INFO:werkzeug:127.0.0.1 - - [09/Nov/2025 16:13:21] "POST /positions HTTP/1.1" 200 -
INFO:werkzeug:127.0.0.1 - - [09/Nov/2025 16:13:25] "POST /positions HTTP/1.1" 200 -
INFO:werkzeug:127.0.0.1 - - [09/Nov/2025 16:13:40] "POST /positions HTTP/1.1" 200 -
INFO:werkzeug:127.0.0.1 - - [09/Nov/2025 16:13:46] "POST /positions HTTP/1.1" 200 -
INFO:werkzeug:127.0.0.1 - - [09/Nov/2025 16:13:49] "POST /positions HTTP/1.1" 200 -
INFO:werkzeug:127.0.0.1 - - [09/Nov/2025 16:13:52] "POST /positions HTTP/1.1" 200 -
ERROR:__main__:Get positions error: Connection closed
ERROR:__main__:Traceback (most recent call last):
  File "/Users/abhishekdubey/Downloads/Maxxit/services/venv/lib/python3.13/site-packages/aiohttp/streams.py", line 355, in _wait
    await waiter
asyncio.exceptions.CancelledError

The above exception was the direct cause of the following exception:

Traceback (most recent call last):
  File "/Users/abhishekdubey/Downloads/Maxxit/services/venv/lib/python3.13/site-packages/gql/transport/aiohttp.py", line 331, in execute
    result = await resp.json(content_type=None)
             ^^^^^^^^^^^^^^^^^^^^^^^^^^^^^^^^^^
  File "/Users/abhishekdubey/Downloads/Maxxit/services/venv/lib/python3.13/site-packages/aiohttp/client_reqrep.py", line 751, in json
    await self.read()
  File "/Users/abhishekdubey/Downloads/Maxxit/services/venv/lib/python3.13/site-packages/aiohttp/client_reqrep.py", line 693, in read
    self._body = await self.content.read()
                 ^^^^^^^^^^^^^^^^^^^^^^^^^
  File "/Users/abhishekdubey/Downloads/Maxxit/services/venv/lib/python3.13/site-packages/aiohttp/streams.py", line 426, in read
    block = await self.readany()
            ^^^^^^^^^^^^^^^^^^^^
  File "/Users/abhishekdubey/Downloads/Maxxit/services/venv/lib/python3.13/site-packages/aiohttp/streams.py", line 448, in readany
    await self._wait("readany")
  File "/Users/abhishekdubey/Downloads/Maxxit/services/venv/lib/python3.13/site-packages/aiohttp/streams.py", line 354, in _wait
    with self._timer:
         ^^^^^^^^^^^
  File "/Users/abhishekdubey/Downloads/Maxxit/services/venv/lib/python3.13/site-packages/aiohttp/helpers.py", line 713, in __exit__
    raise asyncio.TimeoutError from exc_val
TimeoutError

During handling of the above exception, another exception occurred:

Traceback (most recent call last):
  File "/Users/abhishekdubey/Downloads/Maxxit/services/ostium-service.py", line 153, in get_positions
    result = loop.run_until_complete(sdk.get_open_trades(trader_address=address))
  File "/Library/Frameworks/Python.framework/Versions/3.13/lib/python3.13/asyncio/base_events.py", line 725, in run_until_complete
    return future.result()
           ~~~~~~~~~~~~~^^
  File "/Users/abhishekdubey/Downloads/Maxxit/services/venv/lib/python3.13/site-packages/ostium_python_sdk/sdk.py", line 103, in get_open_trades
    open_trades = await self.subgraph.get_open_trades(trader_public_address)
                  ^^^^^^^^^^^^^^^^^^^^^^^^^^^^^^^^^^^^^^^^^^^^^^^^^^^^^^^^^^
  File "/Users/abhishekdubey/Downloads/Maxxit/services/venv/lib/python3.13/site-packages/ostium_python_sdk/subgraph.py", line 245, in get_open_trades
    result = await self._execute_query(query, variable_values={"trader": address})
             ^^^^^^^^^^^^^^^^^^^^^^^^^^^^^^^^^^^^^^^^^^^^^^^^^^^^^^^^^^^^^^^^^^^^^
  File "/Users/abhishekdubey/Downloads/Maxxit/services/venv/lib/python3.13/site-packages/ostium_python_sdk/subgraph.py", line 46, in _execute_query
    raise e
  File "/Users/abhishekdubey/Downloads/Maxxit/services/venv/lib/python3.13/site-packages/ostium_python_sdk/subgraph.py", line 35, in _execute_query
    result = await client.execute_async(query, variable_values=variable_values)
             ^^^^^^^^^^^^^^^^^^^^^^^^^^^^^^^^^^^^^^^^^^^^^^^^^^^^^^^^^^^^^^^^^^
  File "/Users/abhishekdubey/Downloads/Maxxit/services/venv/lib/python3.13/site-packages/gql/client.py", line 366, in execute_async
    async with self as session:
               ^^^^
  File "/Users/abhishekdubey/Downloads/Maxxit/services/venv/lib/python3.13/site-packages/gql/client.py", line 814, in __aenter__
    return await self.connect_async()
           ^^^^^^^^^^^^^^^^^^^^^^^^^^
  File "/Users/abhishekdubey/Downloads/Maxxit/services/venv/lib/python3.13/site-packages/gql/client.py", line 795, in connect_async
    await self.session.fetch_schema()
  File "/Users/abhishekdubey/Downloads/Maxxit/services/venv/lib/python3.13/site-packages/gql/client.py", line 1661, in fetch_schema
    execution_result = await self.transport.execute(parse(introspection_query))
                       ^^^^^^^^^^^^^^^^^^^^^^^^^^^^^^^^^^^^^^^^^^^^^^^^^^^^^^^^
  File "/Users/abhishekdubey/Downloads/Maxxit/services/venv/lib/python3.13/site-packages/gql/transport/aiohttp.py", line 338, in execute
    await raise_response_error(resp, "Not a JSON answer")
  File "/Users/abhishekdubey/Downloads/Maxxit/services/venv/lib/python3.13/site-packages/gql/transport/aiohttp.py", line 323, in raise_response_error
    result_text = await resp.text()
                  ^^^^^^^^^^^^^^^^^
  File "/Users/abhishekdubey/Downloads/Maxxit/services/venv/lib/python3.13/site-packages/aiohttp/client_reqrep.py", line 735, in text
    await self.read()
  File "/Users/abhishekdubey/Downloads/Maxxit/services/venv/lib/python3.13/site-packages/aiohttp/client_reqrep.py", line 693, in read
    self._body = await self.content.read()
                 ^^^^^^^^^^^^^^^^^^^^^^^^^
  File "/Users/abhishekdubey/Downloads/Maxxit/services/venv/lib/python3.13/site-packages/aiohttp/streams.py", line 400, in read
    raise self._exception
aiohttp.client_exceptions.ClientConnectionError: Connection closed

INFO:werkzeug:127.0.0.1 - - [09/Nov/2025 16:14:01] "[35m[1mPOST /positions HTTP/1.1[0m" 500 -
INFO:werkzeug:127.0.0.1 - - [09/Nov/2025 16:14:15] "POST /positions HTTP/1.1" 200 -
INFO:werkzeug:127.0.0.1 - - [09/Nov/2025 16:14:18] "POST /positions HTTP/1.1" 200 -
INFO:werkzeug:127.0.0.1 - - [09/Nov/2025 16:14:21] "POST /positions HTTP/1.1" 200 -
INFO:werkzeug:127.0.0.1 - - [09/Nov/2025 16:14:45] "POST /positions HTTP/1.1" 200 -
INFO:werkzeug:127.0.0.1 - - [09/Nov/2025 16:14:49] "POST /positions HTTP/1.1" 200 -
INFO:werkzeug:127.0.0.1 - - [09/Nov/2025 16:14:53] "POST /positions HTTP/1.1" 200 -
INFO:werkzeug:127.0.0.1 - - [09/Nov/2025 16:15:15] "POST /positions HTTP/1.1" 200 -
INFO:werkzeug:127.0.0.1 - - [09/Nov/2025 16:15:18] "POST /positions HTTP/1.1" 200 -
INFO:werkzeug:127.0.0.1 - - [09/Nov/2025 16:15:22] "POST /positions HTTP/1.1" 200 -
INFO:werkzeug:127.0.0.1 - - [09/Nov/2025 16:15:29] "POST /positions HTTP/1.1" 200 -
INFO:werkzeug:127.0.0.1 - - [09/Nov/2025 16:15:34] "POST /positions HTTP/1.1" 200 -
INFO:werkzeug:127.0.0.1 - - [09/Nov/2025 16:15:38] "POST /positions HTTP/1.1" 200 -
INFO:werkzeug:127.0.0.1 - - [09/Nov/2025 16:15:45] "POST /positions HTTP/1.1" 200 -
INFO:werkzeug:127.0.0.1 - - [09/Nov/2025 16:15:50] "POST /positions HTTP/1.1" 200 -
INFO:werkzeug:127.0.0.1 - - [09/Nov/2025 16:15:54] "POST /positions HTTP/1.1" 200 -
INFO:werkzeug:127.0.0.1 - - [09/Nov/2025 16:15:58] "POST /positions HTTP/1.1" 200 -
INFO:werkzeug:127.0.0.1 - - [09/Nov/2025 16:16:02] "POST /positions HTTP/1.1" 200 -
INFO:werkzeug:127.0.0.1 - - [09/Nov/2025 16:16:05] "POST /positions HTTP/1.1" 200 -
INFO:werkzeug:127.0.0.1 - - [09/Nov/2025 16:16:15] "POST /positions HTTP/1.1" 200 -
INFO:werkzeug:127.0.0.1 - - [09/Nov/2025 16:16:18] "POST /positions HTTP/1.1" 200 -
INFO:werkzeug:127.0.0.1 - - [09/Nov/2025 16:16:22] "POST /positions HTTP/1.1" 200 -
INFO:werkzeug:127.0.0.1 - - [09/Nov/2025 16:17:31] "POST /positions HTTP/1.1" 200 -
INFO:werkzeug:127.0.0.1 - - [09/Nov/2025 16:17:35] "POST /positions HTTP/1.1" 200 -
INFO:werkzeug:127.0.0.1 - - [09/Nov/2025 16:17:39] "POST /positions HTTP/1.1" 200 -
INFO:werkzeug:127.0.0.1 - - [09/Nov/2025 16:17:59] "POST /positions HTTP/1.1" 200 -
INFO:werkzeug:127.0.0.1 - - [09/Nov/2025 16:18:02] "POST /positions HTTP/1.1" 200 -
INFO:werkzeug:127.0.0.1 - - [09/Nov/2025 16:18:59] "POST /positions HTTP/1.1" 200 -
INFO:werkzeug:127.0.0.1 - - [09/Nov/2025 16:19:02] "POST /positions HTTP/1.1" 200 -
INFO:werkzeug:127.0.0.1 - - [09/Nov/2025 16:19:07] "POST /positions HTTP/1.1" 200 -
INFO:werkzeug:127.0.0.1 - - [09/Nov/2025 16:19:26] "POST /positions HTTP/1.1" 200 -
INFO:werkzeug:127.0.0.1 - - [09/Nov/2025 16:19:29] "POST /positions HTTP/1.1" 200 -
INFO:werkzeug:127.0.0.1 - - [09/Nov/2025 16:19:33] "POST /positions HTTP/1.1" 200 -
INFO:werkzeug:127.0.0.1 - - [09/Nov/2025 16:19:56] "POST /positions HTTP/1.1" 200 -
INFO:werkzeug:127.0.0.1 - - [09/Nov/2025 16:20:01] "POST /positions HTTP/1.1" 200 -
INFO:werkzeug:127.0.0.1 - - [09/Nov/2025 16:20:06] "POST /positions HTTP/1.1" 200 -
/Users/abhishekdubey/Downloads/Maxxit/services/ostium-service.py:89: DeprecationWarning: datetime.datetime.utcnow() is deprecated and scheduled for removal in a future version. Use timezone-aware objects to represent datetimes in UTC: datetime.datetime.now(datetime.UTC).
  "timestamp": datetime.utcnow().isoformat()
INFO:werkzeug:127.0.0.1 - - [09/Nov/2025 16:44:21] "GET /health HTTP/1.1" 200 -
INFO:werkzeug:127.0.0.1 - - [09/Nov/2025 16:44:21] "[33mGET /tweets/aixbt_agent?max_results=15 HTTP/1.1[0m" 404 -
INFO:werkzeug:127.0.0.1 - - [09/Nov/2025 16:44:22] "[33mGET /tweets/Abhishe42402615?max_results=15 HTTP/1.1[0m" 404 -
INFO:werkzeug:127.0.0.1 - - [09/Nov/2025 16:44:32] "POST /positions HTTP/1.1" 200 -
INFO:werkzeug:127.0.0.1 - - [09/Nov/2025 16:44:35] "POST /positions HTTP/1.1" 200 -
INFO:werkzeug:127.0.0.1 - - [09/Nov/2025 16:44:39] "POST /positions HTTP/1.1" 200 -
INFO:werkzeug:127.0.0.1 - - [09/Nov/2025 16:45:02] "POST /positions HTTP/1.1" 200 -
INFO:werkzeug:127.0.0.1 - - [09/Nov/2025 16:45:05] "POST /positions HTTP/1.1" 200 -
INFO:werkzeug:127.0.0.1 - - [09/Nov/2025 16:45:09] "POST /positions HTTP/1.1" 200 -
INFO:werkzeug:127.0.0.1 - - [09/Nov/2025 16:45:30] "POST /positions HTTP/1.1" 200 -
ERROR:__main__:Get positions error: Response payload is not completed: <ContentLengthError: 400, message='Not enough data to satisfy content length header.'>
ERROR:__main__:Traceback (most recent call last):
  File "/Users/abhishekdubey/Downloads/Maxxit/services/venv/lib/python3.13/site-packages/aiohttp/client_proto.py", line 144, in connection_lost
    uncompleted = self._parser.feed_eof()
  File "aiohttp/_http_parser.pyx", line 509, in aiohttp._http_parser.HttpParser.feed_eof
aiohttp.http_exceptions.ContentLengthError: 400, message:
  Not enough data to satisfy content length header.

The above exception was the direct cause of the following exception:

Traceback (most recent call last):
  File "/Users/abhishekdubey/Downloads/Maxxit/services/ostium-service.py", line 153, in get_positions
    result = loop.run_until_complete(sdk.get_open_trades(trader_address=address))
  File "/Library/Frameworks/Python.framework/Versions/3.13/lib/python3.13/asyncio/base_events.py", line 725, in run_until_complete
    return future.result()
           ~~~~~~~~~~~~~^^
  File "/Users/abhishekdubey/Downloads/Maxxit/services/venv/lib/python3.13/site-packages/ostium_python_sdk/sdk.py", line 103, in get_open_trades
    open_trades = await self.subgraph.get_open_trades(trader_public_address)
                  ^^^^^^^^^^^^^^^^^^^^^^^^^^^^^^^^^^^^^^^^^^^^^^^^^^^^^^^^^^
  File "/Users/abhishekdubey/Downloads/Maxxit/services/venv/lib/python3.13/site-packages/ostium_python_sdk/subgraph.py", line 245, in get_open_trades
    result = await self._execute_query(query, variable_values={"trader": address})
             ^^^^^^^^^^^^^^^^^^^^^^^^^^^^^^^^^^^^^^^^^^^^^^^^^^^^^^^^^^^^^^^^^^^^^
  File "/Users/abhishekdubey/Downloads/Maxxit/services/venv/lib/python3.13/site-packages/ostium_python_sdk/subgraph.py", line 46, in _execute_query
    raise e
  File "/Users/abhishekdubey/Downloads/Maxxit/services/venv/lib/python3.13/site-packages/ostium_python_sdk/subgraph.py", line 35, in _execute_query
    result = await client.execute_async(query, variable_values=variable_values)
             ^^^^^^^^^^^^^^^^^^^^^^^^^^^^^^^^^^^^^^^^^^^^^^^^^^^^^^^^^^^^^^^^^^
  File "/Users/abhishekdubey/Downloads/Maxxit/services/venv/lib/python3.13/site-packages/gql/client.py", line 366, in execute_async
    async with self as session:
               ^^^^
  File "/Users/abhishekdubey/Downloads/Maxxit/services/venv/lib/python3.13/site-packages/gql/client.py", line 814, in __aenter__
    return await self.connect_async()
           ^^^^^^^^^^^^^^^^^^^^^^^^^^
  File "/Users/abhishekdubey/Downloads/Maxxit/services/venv/lib/python3.13/site-packages/gql/client.py", line 795, in connect_async
    await self.session.fetch_schema()
  File "/Users/abhishekdubey/Downloads/Maxxit/services/venv/lib/python3.13/site-packages/gql/client.py", line 1661, in fetch_schema
    execution_result = await self.transport.execute(parse(introspection_query))
                       ^^^^^^^^^^^^^^^^^^^^^^^^^^^^^^^^^^^^^^^^^^^^^^^^^^^^^^^^
  File "/Users/abhishekdubey/Downloads/Maxxit/services/venv/lib/python3.13/site-packages/gql/transport/aiohttp.py", line 338, in execute
    await raise_response_error(resp, "Not a JSON answer")
  File "/Users/abhishekdubey/Downloads/Maxxit/services/venv/lib/python3.13/site-packages/gql/transport/aiohttp.py", line 323, in raise_response_error
    result_text = await resp.text()
                  ^^^^^^^^^^^^^^^^^
  File "/Users/abhishekdubey/Downloads/Maxxit/services/venv/lib/python3.13/site-packages/aiohttp/client_reqrep.py", line 735, in text
    await self.read()
  File "/Users/abhishekdubey/Downloads/Maxxit/services/venv/lib/python3.13/site-packages/aiohttp/client_reqrep.py", line 693, in read
    self._body = await self.content.read()
                 ^^^^^^^^^^^^^^^^^^^^^^^^^
  File "/Users/abhishekdubey/Downloads/Maxxit/services/venv/lib/python3.13/site-packages/aiohttp/streams.py", line 400, in read
    raise self._exception
  File "/Users/abhishekdubey/Downloads/Maxxit/services/venv/lib/python3.13/site-packages/gql/transport/aiohttp.py", line 331, in execute
    result = await resp.json(content_type=None)
             ^^^^^^^^^^^^^^^^^^^^^^^^^^^^^^^^^^
  File "/Users/abhishekdubey/Downloads/Maxxit/services/venv/lib/python3.13/site-packages/aiohttp/client_reqrep.py", line 751, in json
    await self.read()
  File "/Users/abhishekdubey/Downloads/Maxxit/services/venv/lib/python3.13/site-packages/aiohttp/client_reqrep.py", line 693, in read
    self._body = await self.content.read()
                 ^^^^^^^^^^^^^^^^^^^^^^^^^
  File "/Users/abhishekdubey/Downloads/Maxxit/services/venv/lib/python3.13/site-packages/aiohttp/streams.py", line 426, in read
    block = await self.readany()
            ^^^^^^^^^^^^^^^^^^^^
  File "/Users/abhishekdubey/Downloads/Maxxit/services/venv/lib/python3.13/site-packages/aiohttp/streams.py", line 448, in readany
    await self._wait("readany")
  File "/Users/abhishekdubey/Downloads/Maxxit/services/venv/lib/python3.13/site-packages/aiohttp/streams.py", line 355, in _wait
    await waiter
aiohttp.client_exceptions.ClientPayloadError: Response payload is not completed: <ContentLengthError: 400, message='Not enough data to satisfy content length header.'>

INFO:werkzeug:127.0.0.1 - - [09/Nov/2025 16:46:47] "[35m[1mPOST /positions HTTP/1.1[0m" 500 -
INFO:werkzeug:127.0.0.1 - - [09/Nov/2025 16:46:49] "POST /positions HTTP/1.1" 200 -
INFO:werkzeug:127.0.0.1 - - [09/Nov/2025 16:46:57] "POST /positions HTTP/1.1" 200 -
INFO:werkzeug:127.0.0.1 - - [09/Nov/2025 16:46:59] "POST /positions HTTP/1.1" 200 -
INFO:werkzeug:127.0.0.1 - - [09/Nov/2025 16:47:03] "POST /positions HTTP/1.1" 200 -
INFO:werkzeug:127.0.0.1 - - [09/Nov/2025 16:47:26] "POST /positions HTTP/1.1" 200 -
INFO:werkzeug:127.0.0.1 - - [09/Nov/2025 16:47:29] "POST /positions HTTP/1.1" 200 -
INFO:werkzeug:127.0.0.1 - - [09/Nov/2025 16:47:36] "POST /positions HTTP/1.1" 200 -
INFO:werkzeug:127.0.0.1 - - [09/Nov/2025 16:47:56] "POST /positions HTTP/1.1" 200 -
INFO:werkzeug:127.0.0.1 - - [09/Nov/2025 16:47:59] "POST /positions HTTP/1.1" 200 -
INFO:werkzeug:127.0.0.1 - - [09/Nov/2025 16:48:06] "POST /positions HTTP/1.1" 200 -
INFO:werkzeug:127.0.0.1 - - [09/Nov/2025 16:48:30] "POST /positions HTTP/1.1" 200 -
INFO:werkzeug:127.0.0.1 - - [09/Nov/2025 16:48:33] "POST /positions HTTP/1.1" 200 -
INFO:werkzeug:127.0.0.1 - - [09/Nov/2025 16:48:37] "POST /positions HTTP/1.1" 200 -
INFO:werkzeug:127.0.0.1 - - [09/Nov/2025 16:49:01] "POST /positions HTTP/1.1" 200 -
INFO:werkzeug:127.0.0.1 - - [09/Nov/2025 16:49:04] "POST /positions HTTP/1.1" 200 -
INFO:werkzeug:127.0.0.1 - - [09/Nov/2025 16:49:07] "POST /positions HTTP/1.1" 200 -
INFO:werkzeug:127.0.0.1 - - [09/Nov/2025 16:49:30] "POST /positions HTTP/1.1" 200 -
INFO:werkzeug:127.0.0.1 - - [09/Nov/2025 16:49:33] "POST /positions HTTP/1.1" 200 -
INFO:werkzeug:127.0.0.1 - - [09/Nov/2025 16:49:36] "POST /positions HTTP/1.1" 200 -
INFO:werkzeug:127.0.0.1 - - [09/Nov/2025 16:49:56] "POST /positions HTTP/1.1" 200 -
INFO:werkzeug:127.0.0.1 - - [09/Nov/2025 16:49:59] "POST /positions HTTP/1.1" 200 -
INFO:werkzeug:127.0.0.1 - - [09/Nov/2025 16:50:03] "POST /positions HTTP/1.1" 200 -
INFO:werkzeug:127.0.0.1 - - [09/Nov/2025 16:50:29] "POST /positions HTTP/1.1" 200 -
INFO:werkzeug:127.0.0.1 - - [09/Nov/2025 16:50:32] "POST /positions HTTP/1.1" 200 -
INFO:werkzeug:127.0.0.1 - - [09/Nov/2025 16:50:39] "POST /positions HTTP/1.1" 200 -
INFO:werkzeug:127.0.0.1 - - [09/Nov/2025 16:50:57] "POST /positions HTTP/1.1" 200 -
INFO:werkzeug:127.0.0.1 - - [09/Nov/2025 16:51:00] "POST /positions HTTP/1.1" 200 -
INFO:werkzeug:127.0.0.1 - - [09/Nov/2025 16:51:08] "POST /positions HTTP/1.1" 200 -
INFO:werkzeug:127.0.0.1 - - [09/Nov/2025 16:51:31] "POST /positions HTTP/1.1" 200 -
INFO:werkzeug:127.0.0.1 - - [09/Nov/2025 16:51:35] "POST /positions HTTP/1.1" 200 -
INFO:werkzeug:127.0.0.1 - - [09/Nov/2025 16:51:39] "POST /positions HTTP/1.1" 200 -
INFO:werkzeug:127.0.0.1 - - [09/Nov/2025 16:52:01] "POST /positions HTTP/1.1" 200 -
INFO:werkzeug:127.0.0.1 - - [09/Nov/2025 16:52:07] "POST /positions HTTP/1.1" 200 -
INFO:werkzeug:127.0.0.1 - - [09/Nov/2025 16:52:15] "POST /positions HTTP/1.1" 200 -
INFO:werkzeug:127.0.0.1 - - [09/Nov/2025 16:52:26] "POST /positions HTTP/1.1" 200 -
INFO:werkzeug:127.0.0.1 - - [09/Nov/2025 16:52:29] "POST /positions HTTP/1.1" 200 -
INFO:werkzeug:127.0.0.1 - - [09/Nov/2025 16:52:36] "POST /positions HTTP/1.1" 200 -
INFO:werkzeug:127.0.0.1 - - [09/Nov/2025 16:52:59] "POST /positions HTTP/1.1" 200 -
INFO:werkzeug:127.0.0.1 - - [09/Nov/2025 16:53:02] "POST /positions HTTP/1.1" 200 -
INFO:werkzeug:127.0.0.1 - - [09/Nov/2025 16:53:06] "POST /positions HTTP/1.1" 200 -
INFO:werkzeug:127.0.0.1 - - [09/Nov/2025 17:01:33] "POST /positions HTTP/1.1" 200 -
INFO:werkzeug:127.0.0.1 - - [09/Nov/2025 17:01:35] "POST /positions HTTP/1.1" 200 -
INFO:werkzeug:127.0.0.1 - - [09/Nov/2025 17:01:43] "POST /positions HTTP/1.1" 200 -
INFO:werkzeug:127.0.0.1 - - [09/Nov/2025 17:01:50] "POST /positions HTTP/1.1" 200 -
INFO:werkzeug:127.0.0.1 - - [09/Nov/2025 17:01:53] "POST /positions HTTP/1.1" 200 -
INFO:werkzeug:127.0.0.1 - - [09/Nov/2025 17:01:58] "POST /positions HTTP/1.1" 200 -
INFO:werkzeug:127.0.0.1 - - [09/Nov/2025 17:02:21] "POST /positions HTTP/1.1" 200 -
INFO:werkzeug:127.0.0.1 - - [09/Nov/2025 17:02:24] "POST /positions HTTP/1.1" 200 -
INFO:werkzeug:127.0.0.1 - - [09/Nov/2025 17:02:31] "POST /positions HTTP/1.1" 200 -
INFO:werkzeug:127.0.0.1 - - [09/Nov/2025 17:02:55] "POST /positions HTTP/1.1" 200 -
INFO:werkzeug:127.0.0.1 - - [09/Nov/2025 17:03:01] "POST /positions HTTP/1.1" 200 -
INFO:werkzeug:127.0.0.1 - - [09/Nov/2025 17:03:08] "POST /positions HTTP/1.1" 200 -
INFO:werkzeug:127.0.0.1 - - [09/Nov/2025 17:03:20] "POST /positions HTTP/1.1" 200 -
INFO:werkzeug:127.0.0.1 - - [09/Nov/2025 17:03:23] "POST /positions HTTP/1.1" 200 -
INFO:werkzeug:127.0.0.1 - - [09/Nov/2025 17:03:27] "POST /positions HTTP/1.1" 200 -
INFO:werkzeug:127.0.0.1 - - [09/Nov/2025 17:03:51] "POST /positions HTTP/1.1" 200 -
INFO:werkzeug:127.0.0.1 - - [09/Nov/2025 17:03:58] "POST /positions HTTP/1.1" 200 -
INFO:werkzeug:127.0.0.1 - - [09/Nov/2025 17:04:03] "POST /positions HTTP/1.1" 200 -
INFO:werkzeug:127.0.0.1 - - [09/Nov/2025 17:04:25] "POST /positions HTTP/1.1" 200 -
INFO:werkzeug:127.0.0.1 - - [09/Nov/2025 17:04:33] "POST /positions HTTP/1.1" 200 -
INFO:werkzeug:127.0.0.1 - - [09/Nov/2025 17:04:41] "POST /positions HTTP/1.1" 200 -
INFO:werkzeug:127.0.0.1 - - [09/Nov/2025 17:04:51] "POST /positions HTTP/1.1" 200 -
INFO:werkzeug:127.0.0.1 - - [09/Nov/2025 17:04:54] "POST /positions HTTP/1.1" 200 -
INFO:werkzeug:127.0.0.1 - - [09/Nov/2025 17:04:57] "POST /positions HTTP/1.1" 200 -
INFO:werkzeug:127.0.0.1 - - [09/Nov/2025 17:05:21] "POST /positions HTTP/1.1" 200 -
INFO:werkzeug:127.0.0.1 - - [09/Nov/2025 17:05:27] "POST /positions HTTP/1.1" 200 -
INFO:werkzeug:127.0.0.1 - - [09/Nov/2025 17:05:31] "POST /positions HTTP/1.1" 200 -
INFO:werkzeug:127.0.0.1 - - [09/Nov/2025 17:05:55] "POST /positions HTTP/1.1" 200 -
INFO:werkzeug:127.0.0.1 - - [09/Nov/2025 17:05:58] "POST /positions HTTP/1.1" 200 -
INFO:werkzeug:127.0.0.1 - - [09/Nov/2025 17:06:02] "POST /positions HTTP/1.1" 200 -
INFO:werkzeug:127.0.0.1 - - [09/Nov/2025 17:06:24] "POST /positions HTTP/1.1" 200 -
INFO:werkzeug:127.0.0.1 - - [09/Nov/2025 17:06:29] "POST /positions HTTP/1.1" 200 -
INFO:werkzeug:127.0.0.1 - - [09/Nov/2025 17:06:34] "POST /positions HTTP/1.1" 200 -
INFO:werkzeug:127.0.0.1 - - [09/Nov/2025 17:07:08] "POST /positions HTTP/1.1" 200 -
INFO:werkzeug:127.0.0.1 - - [09/Nov/2025 17:07:14] "POST /positions HTTP/1.1" 200 -
INFO:werkzeug:127.0.0.1 - - [09/Nov/2025 17:07:21] "POST /positions HTTP/1.1" 200 -
INFO:werkzeug:127.0.0.1 - - [09/Nov/2025 17:07:37] "POST /positions HTTP/1.1" 200 -
INFO:werkzeug:127.0.0.1 - - [09/Nov/2025 17:07:44] "POST /positions HTTP/1.1" 200 -
INFO:werkzeug:127.0.0.1 - - [09/Nov/2025 17:07:51] "POST /positions HTTP/1.1" 200 -
INFO:werkzeug:127.0.0.1 - - [09/Nov/2025 17:08:03] "POST /positions HTTP/1.1" 200 -
INFO:werkzeug:127.0.0.1 - - [09/Nov/2025 17:08:06] "POST /positions HTTP/1.1" 200 -
INFO:werkzeug:127.0.0.1 - - [09/Nov/2025 17:08:13] "POST /positions HTTP/1.1" 200 -
INFO:werkzeug:127.0.0.1 - - [09/Nov/2025 17:08:34] "POST /positions HTTP/1.1" 200 -
INFO:werkzeug:127.0.0.1 - - [09/Nov/2025 17:08:42] "POST /positions HTTP/1.1" 200 -
INFO:werkzeug:127.0.0.1 - - [09/Nov/2025 17:08:45] "POST /positions HTTP/1.1" 200 -
INFO:werkzeug:127.0.0.1 - - [09/Nov/2025 17:09:04] "POST /positions HTTP/1.1" 200 -
INFO:werkzeug:127.0.0.1 - - [09/Nov/2025 17:09:11] "POST /positions HTTP/1.1" 200 -
INFO:werkzeug:127.0.0.1 - - [09/Nov/2025 17:09:15] "POST /positions HTTP/1.1" 200 -
INFO:werkzeug:127.0.0.1 - - [09/Nov/2025 17:09:34] "POST /positions HTTP/1.1" 200 -
INFO:werkzeug:127.0.0.1 - - [09/Nov/2025 17:09:41] "POST /positions HTTP/1.1" 200 -
INFO:werkzeug:127.0.0.1 - - [09/Nov/2025 17:09:44] "POST /positions HTTP/1.1" 200 -
INFO:werkzeug:127.0.0.1 - - [09/Nov/2025 17:10:04] "POST /positions HTTP/1.1" 200 -
INFO:werkzeug:127.0.0.1 - - [09/Nov/2025 17:10:08] "POST /positions HTTP/1.1" 200 -
INFO:werkzeug:127.0.0.1 - - [09/Nov/2025 17:10:14] "POST /positions HTTP/1.1" 200 -
INFO:werkzeug:127.0.0.1 - - [09/Nov/2025 17:10:33] "POST /positions HTTP/1.1" 200 -
INFO:werkzeug:127.0.0.1 - - [09/Nov/2025 17:10:37] "POST /positions HTTP/1.1" 200 -
INFO:werkzeug:127.0.0.1 - - [09/Nov/2025 17:10:41] "POST /positions HTTP/1.1" 200 -
INFO:werkzeug:127.0.0.1 - - [09/Nov/2025 17:11:04] "POST /positions HTTP/1.1" 200 -
INFO:werkzeug:127.0.0.1 - - [09/Nov/2025 17:11:08] "POST /positions HTTP/1.1" 200 -
INFO:werkzeug:127.0.0.1 - - [09/Nov/2025 17:11:16] "POST /positions HTTP/1.1" 200 -
INFO:werkzeug:127.0.0.1 - - [09/Nov/2025 17:11:33] "POST /positions HTTP/1.1" 200 -
INFO:werkzeug:127.0.0.1 - - [09/Nov/2025 17:11:40] "POST /positions HTTP/1.1" 200 -
INFO:werkzeug:127.0.0.1 - - [09/Nov/2025 17:11:45] "POST /positions HTTP/1.1" 200 -
INFO:werkzeug:127.0.0.1 - - [09/Nov/2025 17:12:04] "POST /positions HTTP/1.1" 200 -
INFO:werkzeug:127.0.0.1 - - [09/Nov/2025 17:12:11] "POST /positions HTTP/1.1" 200 -
INFO:werkzeug:127.0.0.1 - - [09/Nov/2025 17:12:14] "POST /positions HTTP/1.1" 200 -
INFO:werkzeug:127.0.0.1 - - [09/Nov/2025 17:12:33] "POST /positions HTTP/1.1" 200 -
INFO:werkzeug:127.0.0.1 - - [09/Nov/2025 17:12:40] "POST /positions HTTP/1.1" 200 -
INFO:werkzeug:127.0.0.1 - - [09/Nov/2025 17:12:44] "POST /positions HTTP/1.1" 200 -
INFO:werkzeug:127.0.0.1 - - [09/Nov/2025 17:13:04] "POST /positions HTTP/1.1" 200 -
INFO:werkzeug:127.0.0.1 - - [09/Nov/2025 17:13:08] "POST /positions HTTP/1.1" 200 -
INFO:werkzeug:127.0.0.1 - - [09/Nov/2025 17:13:16] "POST /positions HTTP/1.1" 200 -
INFO:werkzeug:127.0.0.1 - - [09/Nov/2025 17:13:33] "POST /positions HTTP/1.1" 200 -
INFO:werkzeug:127.0.0.1 - - [09/Nov/2025 17:13:37] "POST /positions HTTP/1.1" 200 -
INFO:werkzeug:127.0.0.1 - - [09/Nov/2025 17:13:45] "POST /positions HTTP/1.1" 200 -
INFO:werkzeug:127.0.0.1 - - [09/Nov/2025 17:14:03] "POST /positions HTTP/1.1" 200 -
INFO:werkzeug:127.0.0.1 - - [09/Nov/2025 17:14:06] "POST /positions HTTP/1.1" 200 -
INFO:werkzeug:127.0.0.1 - - [09/Nov/2025 17:14:13] "POST /positions HTTP/1.1" 200 -
INFO:werkzeug:127.0.0.1 - - [09/Nov/2025 17:14:33] "POST /positions HTTP/1.1" 200 -
INFO:werkzeug:127.0.0.1 - - [09/Nov/2025 17:14:40] "POST /positions HTTP/1.1" 200 -
INFO:werkzeug:127.0.0.1 - - [09/Nov/2025 17:14:45] "POST /positions HTTP/1.1" 200 -
INFO:werkzeug:127.0.0.1 - - [09/Nov/2025 17:15:03] "POST /positions HTTP/1.1" 200 -
INFO:werkzeug:127.0.0.1 - - [09/Nov/2025 17:15:11] "POST /positions HTTP/1.1" 200 -
INFO:werkzeug:127.0.0.1 - - [09/Nov/2025 17:15:15] "POST /positions HTTP/1.1" 200 -
INFO:werkzeug:127.0.0.1 - - [09/Nov/2025 17:15:34] "POST /positions HTTP/1.1" 200 -
INFO:werkzeug:127.0.0.1 - - [09/Nov/2025 17:15:40] "POST /positions HTTP/1.1" 200 -
INFO:werkzeug:127.0.0.1 - - [09/Nov/2025 17:15:44] "POST /positions HTTP/1.1" 200 -
INFO:werkzeug:127.0.0.1 - - [09/Nov/2025 17:16:03] "POST /positions HTTP/1.1" 200 -
INFO:werkzeug:127.0.0.1 - - [09/Nov/2025 17:16:06] "POST /positions HTTP/1.1" 200 -
INFO:werkzeug:127.0.0.1 - - [09/Nov/2025 17:16:13] "POST /positions HTTP/1.1" 200 -
INFO:werkzeug:127.0.0.1 - - [09/Nov/2025 17:16:33] "POST /positions HTTP/1.1" 200 -
INFO:werkzeug:127.0.0.1 - - [09/Nov/2025 17:16:36] "POST /positions HTTP/1.1" 200 -
INFO:werkzeug:127.0.0.1 - - [09/Nov/2025 17:16:43] "POST /positions HTTP/1.1" 200 -
INFO:werkzeug:127.0.0.1 - - [09/Nov/2025 17:17:04] "POST /positions HTTP/1.1" 200 -
INFO:werkzeug:127.0.0.1 - - [09/Nov/2025 17:17:07] "POST /positions HTTP/1.1" 200 -
INFO:werkzeug:127.0.0.1 - - [09/Nov/2025 17:17:13] "POST /positions HTTP/1.1" 200 -
INFO:werkzeug:127.0.0.1 - - [09/Nov/2025 17:17:35] "POST /positions HTTP/1.1" 200 -
INFO:werkzeug:127.0.0.1 - - [09/Nov/2025 17:17:39] "POST /positions HTTP/1.1" 200 -
INFO:werkzeug:127.0.0.1 - - [09/Nov/2025 17:17:46] "POST /positions HTTP/1.1" 200 -
INFO:werkzeug:127.0.0.1 - - [09/Nov/2025 17:18:04] "POST /positions HTTP/1.1" 200 -
INFO:werkzeug:127.0.0.1 - - [09/Nov/2025 17:18:07] "POST /positions HTTP/1.1" 200 -
INFO:werkzeug:127.0.0.1 - - [09/Nov/2025 17:18:15] "POST /positions HTTP/1.1" 200 -
INFO:werkzeug:127.0.0.1 - - [09/Nov/2025 17:18:34] "POST /positions HTTP/1.1" 200 -
INFO:werkzeug:127.0.0.1 - - [09/Nov/2025 17:18:36] "POST /positions HTTP/1.1" 200 -
INFO:werkzeug:127.0.0.1 - - [09/Nov/2025 17:18:44] "POST /positions HTTP/1.1" 200 -
INFO:werkzeug:127.0.0.1 - - [09/Nov/2025 17:19:03] "POST /positions HTTP/1.1" 200 -
INFO:werkzeug:127.0.0.1 - - [09/Nov/2025 17:19:07] "POST /positions HTTP/1.1" 200 -
INFO:werkzeug:127.0.0.1 - - [09/Nov/2025 17:19:10] "POST /positions HTTP/1.1" 200 -
INFO:werkzeug:127.0.0.1 - - [09/Nov/2025 17:19:33] "POST /positions HTTP/1.1" 200 -
INFO:werkzeug:127.0.0.1 - - [09/Nov/2025 17:19:36] "POST /positions HTTP/1.1" 200 -
INFO:werkzeug:127.0.0.1 - - [09/Nov/2025 17:19:40] "POST /positions HTTP/1.1" 200 -
INFO:werkzeug:127.0.0.1 - - [09/Nov/2025 17:20:04] "POST /positions HTTP/1.1" 200 -
INFO:werkzeug:127.0.0.1 - - [09/Nov/2025 17:20:08] "POST /positions HTTP/1.1" 200 -
INFO:werkzeug:127.0.0.1 - - [09/Nov/2025 17:20:15] "POST /positions HTTP/1.1" 200 -
INFO:werkzeug:127.0.0.1 - - [09/Nov/2025 17:20:34] "POST /positions HTTP/1.1" 200 -
INFO:werkzeug:127.0.0.1 - - [09/Nov/2025 17:20:37] "POST /positions HTTP/1.1" 200 -
INFO:werkzeug:127.0.0.1 - - [09/Nov/2025 17:20:40] "POST /positions HTTP/1.1" 200 -
INFO:werkzeug:127.0.0.1 - - [09/Nov/2025 17:21:04] "POST /positions HTTP/1.1" 200 -
INFO:werkzeug:127.0.0.1 - - [09/Nov/2025 17:21:11] "POST /positions HTTP/1.1" 200 -
INFO:werkzeug:127.0.0.1 - - [09/Nov/2025 17:21:15] "POST /positions HTTP/1.1" 200 -
INFO:werkzeug:127.0.0.1 - - [09/Nov/2025 17:21:34] "POST /positions HTTP/1.1" 200 -
INFO:werkzeug:127.0.0.1 - - [09/Nov/2025 17:21:37] "POST /positions HTTP/1.1" 200 -
INFO:werkzeug:127.0.0.1 - - [09/Nov/2025 17:21:40] "POST /positions HTTP/1.1" 200 -
INFO:werkzeug:127.0.0.1 - - [09/Nov/2025 17:22:05] "POST /positions HTTP/1.1" 200 -
INFO:werkzeug:127.0.0.1 - - [09/Nov/2025 17:22:08] "POST /positions HTTP/1.1" 200 -
INFO:werkzeug:127.0.0.1 - - [09/Nov/2025 17:22:13] "POST /positions HTTP/1.1" 200 -
INFO:werkzeug:127.0.0.1 - - [09/Nov/2025 17:22:35] "POST /positions HTTP/1.1" 200 -
INFO:werkzeug:127.0.0.1 - - [09/Nov/2025 17:22:38] "POST /positions HTTP/1.1" 200 -
INFO:werkzeug:127.0.0.1 - - [09/Nov/2025 17:22:45] "POST /positions HTTP/1.1" 200 -
INFO:werkzeug:127.0.0.1 - - [09/Nov/2025 17:23:05] "POST /positions HTTP/1.1" 200 -
INFO:werkzeug:127.0.0.1 - - [09/Nov/2025 17:23:11] "POST /positions HTTP/1.1" 200 -
INFO:werkzeug:127.0.0.1 - - [09/Nov/2025 17:23:14] "POST /positions HTTP/1.1" 200 -
INFO:werkzeug:127.0.0.1 - - [09/Nov/2025 17:23:34] "POST /positions HTTP/1.1" 200 -
INFO:werkzeug:127.0.0.1 - - [09/Nov/2025 17:23:38] "POST /positions HTTP/1.1" 200 -
INFO:werkzeug:127.0.0.1 - - [09/Nov/2025 17:23:42] "POST /positions HTTP/1.1" 200 -
INFO:werkzeug:127.0.0.1 - - [09/Nov/2025 17:24:03] "POST /positions HTTP/1.1" 200 -
INFO:werkzeug:127.0.0.1 - - [09/Nov/2025 17:24:07] "POST /positions HTTP/1.1" 200 -
INFO:werkzeug:127.0.0.1 - - [09/Nov/2025 17:24:14] "POST /positions HTTP/1.1" 200 -
INFO:werkzeug:127.0.0.1 - - [09/Nov/2025 17:24:34] "POST /positions HTTP/1.1" 200 -
INFO:werkzeug:127.0.0.1 - - [09/Nov/2025 17:24:37] "POST /positions HTTP/1.1" 200 -
INFO:werkzeug:127.0.0.1 - - [09/Nov/2025 17:24:40] "POST /positions HTTP/1.1" 200 -
INFO:werkzeug:127.0.0.1 - - [09/Nov/2025 17:25:04] "POST /positions HTTP/1.1" 200 -
INFO:werkzeug:127.0.0.1 - - [09/Nov/2025 17:25:11] "POST /positions HTTP/1.1" 200 -
INFO:werkzeug:127.0.0.1 - - [09/Nov/2025 17:25:15] "POST /positions HTTP/1.1" 200 -
INFO:werkzeug:127.0.0.1 - - [09/Nov/2025 17:25:34] "POST /positions HTTP/1.1" 200 -
INFO:werkzeug:127.0.0.1 - - [09/Nov/2025 17:25:37] "POST /positions HTTP/1.1" 200 -
INFO:werkzeug:127.0.0.1 - - [09/Nov/2025 17:25:41] "POST /positions HTTP/1.1" 200 -
INFO:werkzeug:127.0.0.1 - - [09/Nov/2025 17:26:05] "POST /positions HTTP/1.1" 200 -
INFO:werkzeug:127.0.0.1 - - [09/Nov/2025 17:26:09] "POST /positions HTTP/1.1" 200 -
INFO:werkzeug:127.0.0.1 - - [09/Nov/2025 17:26:12] "POST /positions HTTP/1.1" 200 -
INFO:werkzeug:127.0.0.1 - - [09/Nov/2025 17:26:39] "POST /positions HTTP/1.1" 200 -
INFO:werkzeug:127.0.0.1 - - [09/Nov/2025 17:26:42] "POST /positions HTTP/1.1" 200 -
INFO:werkzeug:127.0.0.1 - - [09/Nov/2025 17:26:46] "POST /positions HTTP/1.1" 200 -
INFO:werkzeug:127.0.0.1 - - [09/Nov/2025 17:27:09] "POST /positions HTTP/1.1" 200 -
INFO:werkzeug:127.0.0.1 - - [09/Nov/2025 17:27:15] "POST /positions HTTP/1.1" 200 -
INFO:werkzeug:127.0.0.1 - - [09/Nov/2025 17:27:19] "POST /positions HTTP/1.1" 200 -
INFO:werkzeug:127.0.0.1 - - [09/Nov/2025 17:27:40] "POST /positions HTTP/1.1" 200 -
INFO:werkzeug:127.0.0.1 - - [09/Nov/2025 17:27:46] "POST /positions HTTP/1.1" 200 -
INFO:werkzeug:127.0.0.1 - - [09/Nov/2025 17:27:53] "POST /positions HTTP/1.1" 200 -
INFO:werkzeug:127.0.0.1 - - [09/Nov/2025 17:28:09] "POST /positions HTTP/1.1" 200 -
INFO:werkzeug:127.0.0.1 - - [09/Nov/2025 17:28:16] "POST /positions HTTP/1.1" 200 -
INFO:werkzeug:127.0.0.1 - - [09/Nov/2025 17:28:23] "POST /positions HTTP/1.1" 200 -
INFO:werkzeug:127.0.0.1 - - [09/Nov/2025 17:28:40] "POST /positions HTTP/1.1" 200 -
INFO:werkzeug:127.0.0.1 - - [09/Nov/2025 17:28:43] "POST /positions HTTP/1.1" 200 -
INFO:werkzeug:127.0.0.1 - - [09/Nov/2025 17:28:47] "POST /positions HTTP/1.1" 200 -
INFO:werkzeug:127.0.0.1 - - [09/Nov/2025 17:29:09] "POST /positions HTTP/1.1" 200 -
INFO:werkzeug:127.0.0.1 - - [09/Nov/2025 17:47:34] "POST /positions HTTP/1.1" 200 -
INFO:werkzeug:127.0.0.1 - - [09/Nov/2025 17:47:37] "POST /positions HTTP/1.1" 200 -
INFO:werkzeug:127.0.0.1 - - [09/Nov/2025 17:47:41] "POST /positions HTTP/1.1" 200 -
INFO:werkzeug:127.0.0.1 - - [09/Nov/2025 17:47:53] "POST /positions HTTP/1.1" 200 -
INFO:werkzeug:127.0.0.1 - - [09/Nov/2025 17:47:56] "POST /positions HTTP/1.1" 200 -
INFO:werkzeug:127.0.0.1 - - [09/Nov/2025 17:48:01] "POST /positions HTTP/1.1" 200 -
INFO:werkzeug:127.0.0.1 - - [09/Nov/2025 17:48:21] "POST /positions HTTP/1.1" 200 -
INFO:werkzeug:127.0.0.1 - - [09/Nov/2025 17:48:25] "POST /positions HTTP/1.1" 200 -
INFO:werkzeug:127.0.0.1 - - [09/Nov/2025 17:48:29] "POST /positions HTTP/1.1" 200 -
INFO:werkzeug:127.0.0.1 - - [09/Nov/2025 17:48:52] "POST /positions HTTP/1.1" 200 -
INFO:werkzeug:127.0.0.1 - - [09/Nov/2025 17:48:56] "POST /positions HTTP/1.1" 200 -
INFO:werkzeug:127.0.0.1 - - [09/Nov/2025 17:48:59] "POST /positions HTTP/1.1" 200 -
INFO:werkzeug:127.0.0.1 - - [09/Nov/2025 17:49:21] "POST /positions HTTP/1.1" 200 -
INFO:werkzeug:127.0.0.1 - - [09/Nov/2025 17:49:24] "POST /positions HTTP/1.1" 200 -
INFO:werkzeug:127.0.0.1 - - [09/Nov/2025 17:49:27] "POST /positions HTTP/1.1" 200 -
INFO:werkzeug:127.0.0.1 - - [09/Nov/2025 17:49:51] "POST /positions HTTP/1.1" 200 -
INFO:werkzeug:127.0.0.1 - - [09/Nov/2025 17:49:54] "POST /positions HTTP/1.1" 200 -
INFO:werkzeug:127.0.0.1 - - [09/Nov/2025 17:49:59] "POST /positions HTTP/1.1" 200 -
INFO:werkzeug:127.0.0.1 - - [09/Nov/2025 17:50:21] "POST /positions HTTP/1.1" 200 -
INFO:werkzeug:127.0.0.1 - - [09/Nov/2025 17:50:24] "POST /positions HTTP/1.1" 200 -
INFO:werkzeug:127.0.0.1 - - [09/Nov/2025 17:50:28] "POST /positions HTTP/1.1" 200 -
ERROR:__main__:Get positions error: Connection closed
ERROR:__main__:Traceback (most recent call last):
  File "/Users/abhishekdubey/Downloads/Maxxit/services/venv/lib/python3.13/site-packages/aiohttp/streams.py", line 355, in _wait
    await waiter
asyncio.exceptions.CancelledError

The above exception was the direct cause of the following exception:

Traceback (most recent call last):
  File "/Users/abhishekdubey/Downloads/Maxxit/services/venv/lib/python3.13/site-packages/gql/transport/aiohttp.py", line 331, in execute
    result = await resp.json(content_type=None)
             ^^^^^^^^^^^^^^^^^^^^^^^^^^^^^^^^^^
  File "/Users/abhishekdubey/Downloads/Maxxit/services/venv/lib/python3.13/site-packages/aiohttp/client_reqrep.py", line 751, in json
    await self.read()
  File "/Users/abhishekdubey/Downloads/Maxxit/services/venv/lib/python3.13/site-packages/aiohttp/client_reqrep.py", line 693, in read
    self._body = await self.content.read()
                 ^^^^^^^^^^^^^^^^^^^^^^^^^
  File "/Users/abhishekdubey/Downloads/Maxxit/services/venv/lib/python3.13/site-packages/aiohttp/streams.py", line 426, in read
    block = await self.readany()
            ^^^^^^^^^^^^^^^^^^^^
  File "/Users/abhishekdubey/Downloads/Maxxit/services/venv/lib/python3.13/site-packages/aiohttp/streams.py", line 448, in readany
    await self._wait("readany")
  File "/Users/abhishekdubey/Downloads/Maxxit/services/venv/lib/python3.13/site-packages/aiohttp/streams.py", line 354, in _wait
    with self._timer:
         ^^^^^^^^^^^
  File "/Users/abhishekdubey/Downloads/Maxxit/services/venv/lib/python3.13/site-packages/aiohttp/helpers.py", line 713, in __exit__
    raise asyncio.TimeoutError from exc_val
TimeoutError

During handling of the above exception, another exception occurred:

Traceback (most recent call last):
  File "/Users/abhishekdubey/Downloads/Maxxit/services/ostium-service.py", line 153, in get_positions
    result = loop.run_until_complete(sdk.get_open_trades(trader_address=address))
  File "/Library/Frameworks/Python.framework/Versions/3.13/lib/python3.13/asyncio/base_events.py", line 725, in run_until_complete
    return future.result()
           ~~~~~~~~~~~~~^^
  File "/Users/abhishekdubey/Downloads/Maxxit/services/venv/lib/python3.13/site-packages/ostium_python_sdk/sdk.py", line 103, in get_open_trades
    open_trades = await self.subgraph.get_open_trades(trader_public_address)
                  ^^^^^^^^^^^^^^^^^^^^^^^^^^^^^^^^^^^^^^^^^^^^^^^^^^^^^^^^^^
  File "/Users/abhishekdubey/Downloads/Maxxit/services/venv/lib/python3.13/site-packages/ostium_python_sdk/subgraph.py", line 245, in get_open_trades
    result = await self._execute_query(query, variable_values={"trader": address})
             ^^^^^^^^^^^^^^^^^^^^^^^^^^^^^^^^^^^^^^^^^^^^^^^^^^^^^^^^^^^^^^^^^^^^^
  File "/Users/abhishekdubey/Downloads/Maxxit/services/venv/lib/python3.13/site-packages/ostium_python_sdk/subgraph.py", line 46, in _execute_query
    raise e
  File "/Users/abhishekdubey/Downloads/Maxxit/services/venv/lib/python3.13/site-packages/ostium_python_sdk/subgraph.py", line 35, in _execute_query
    result = await client.execute_async(query, variable_values=variable_values)
             ^^^^^^^^^^^^^^^^^^^^^^^^^^^^^^^^^^^^^^^^^^^^^^^^^^^^^^^^^^^^^^^^^^
  File "/Users/abhishekdubey/Downloads/Maxxit/services/venv/lib/python3.13/site-packages/gql/client.py", line 366, in execute_async
    async with self as session:
               ^^^^
  File "/Users/abhishekdubey/Downloads/Maxxit/services/venv/lib/python3.13/site-packages/gql/client.py", line 814, in __aenter__
    return await self.connect_async()
           ^^^^^^^^^^^^^^^^^^^^^^^^^^
  File "/Users/abhishekdubey/Downloads/Maxxit/services/venv/lib/python3.13/site-packages/gql/client.py", line 795, in connect_async
    await self.session.fetch_schema()
  File "/Users/abhishekdubey/Downloads/Maxxit/services/venv/lib/python3.13/site-packages/gql/client.py", line 1661, in fetch_schema
    execution_result = await self.transport.execute(parse(introspection_query))
                       ^^^^^^^^^^^^^^^^^^^^^^^^^^^^^^^^^^^^^^^^^^^^^^^^^^^^^^^^
  File "/Users/abhishekdubey/Downloads/Maxxit/services/venv/lib/python3.13/site-packages/gql/transport/aiohttp.py", line 338, in execute
    await raise_response_error(resp, "Not a JSON answer")
  File "/Users/abhishekdubey/Downloads/Maxxit/services/venv/lib/python3.13/site-packages/gql/transport/aiohttp.py", line 323, in raise_response_error
    result_text = await resp.text()
                  ^^^^^^^^^^^^^^^^^
  File "/Users/abhishekdubey/Downloads/Maxxit/services/venv/lib/python3.13/site-packages/aiohttp/client_reqrep.py", line 735, in text
    await self.read()
  File "/Users/abhishekdubey/Downloads/Maxxit/services/venv/lib/python3.13/site-packages/aiohttp/client_reqrep.py", line 693, in read
    self._body = await self.content.read()
                 ^^^^^^^^^^^^^^^^^^^^^^^^^
  File "/Users/abhishekdubey/Downloads/Maxxit/services/venv/lib/python3.13/site-packages/aiohttp/streams.py", line 400, in read
    raise self._exception
  File "/Users/abhishekdubey/Downloads/Maxxit/services/ostium-service.py", line 153, in get_positions
    result = loop.run_until_complete(sdk.get_open_trades(trader_address=address))
  File "/Library/Frameworks/Python.framework/Versions/3.13/lib/python3.13/asyncio/base_events.py", line 725, in run_until_complete
    return future.result()
           ~~~~~~~~~~~~~^^
  File "/Users/abhishekdubey/Downloads/Maxxit/services/venv/lib/python3.13/site-packages/ostium_python_sdk/sdk.py", line 103, in get_open_trades
    open_trades = await self.subgraph.get_open_trades(trader_public_address)
                  ^^^^^^^^^^^^^^^^^^^^^^^^^^^^^^^^^^^^^^^^^^^^^^^^^^^^^^^^^^
  File "/Users/abhishekdubey/Downloads/Maxxit/services/venv/lib/python3.13/site-packages/ostium_python_sdk/subgraph.py", line 245, in get_open_trades
    result = await self._execute_query(query, variable_values={"trader": address})
             ^^^^^^^^^^^^^^^^^^^^^^^^^^^^^^^^^^^^^^^^^^^^^^^^^^^^^^^^^^^^^^^^^^^^^
  File "/Users/abhishekdubey/Downloads/Maxxit/services/venv/lib/python3.13/site-packages/ostium_python_sdk/subgraph.py", line 46, in _execute_query
    raise e
  File "/Users/abhishekdubey/Downloads/Maxxit/services/venv/lib/python3.13/site-packages/ostium_python_sdk/subgraph.py", line 35, in _execute_query
    result = await client.execute_async(query, variable_values=variable_values)
             ^^^^^^^^^^^^^^^^^^^^^^^^^^^^^^^^^^^^^^^^^^^^^^^^^^^^^^^^^^^^^^^^^^
  File "/Users/abhishekdubey/Downloads/Maxxit/services/venv/lib/python3.13/site-packages/gql/client.py", line 366, in execute_async
    async with self as session:
               ^^^^
  File "/Users/abhishekdubey/Downloads/Maxxit/services/venv/lib/python3.13/site-packages/gql/client.py", line 814, in __aenter__
    return await self.connect_async()
           ^^^^^^^^^^^^^^^^^^^^^^^^^^
  File "/Users/abhishekdubey/Downloads/Maxxit/services/venv/lib/python3.13/site-packages/gql/client.py", line 795, in connect_async
    await self.session.fetch_schema()
  File "/Users/abhishekdubey/Downloads/Maxxit/services/venv/lib/python3.13/site-packages/gql/client.py", line 1661, in fetch_schema
    execution_result = await self.transport.execute(parse(introspection_query))
                       ^^^^^^^^^^^^^^^^^^^^^^^^^^^^^^^^^^^^^^^^^^^^^^^^^^^^^^^^
  File "/Users/abhishekdubey/Downloads/Maxxit/services/venv/lib/python3.13/site-packages/gql/transport/aiohttp.py", line 338, in execute
    await raise_response_error(resp, "Not a JSON answer")
  File "/Users/abhishekdubey/Downloads/Maxxit/services/venv/lib/python3.13/site-packages/gql/transport/aiohttp.py", line 323, in raise_response_error
    result_text = await resp.text()
                  ^^^^^^^^^^^^^^^^^
  File "/Users/abhishekdubey/Downloads/Maxxit/services/venv/lib/python3.13/site-packages/aiohttp/client_reqrep.py", line 735, in text
    await self.read()
  File "/Users/abhishekdubey/Downloads/Maxxit/services/venv/lib/python3.13/site-packages/aiohttp/client_reqrep.py", line 693, in read
    self._body = await self.content.read()
                 ^^^^^^^^^^^^^^^^^^^^^^^^^
  File "/Users/abhishekdubey/Downloads/Maxxit/services/venv/lib/python3.13/site-packages/aiohttp/streams.py", line 400, in read
    raise self._exception
aiohttp.client_exceptions.ClientConnectionError: Connection closed

INFO:werkzeug:127.0.0.1 - - [09/Nov/2025 17:50:43] "[35m[1mPOST /positions HTTP/1.1[0m" 500 -
INFO:werkzeug:127.0.0.1 - - [09/Nov/2025 17:50:46] "POST /positions HTTP/1.1" 200 -
INFO:werkzeug:127.0.0.1 - - [09/Nov/2025 17:50:52] "POST /positions HTTP/1.1" 200 -
INFO:werkzeug:127.0.0.1 - - [09/Nov/2025 17:50:56] "POST /positions HTTP/1.1" 200 -
INFO:werkzeug:127.0.0.1 - - [09/Nov/2025 17:51:00] "POST /positions HTTP/1.1" 200 -
INFO:werkzeug:127.0.0.1 - - [09/Nov/2025 17:51:21] "POST /positions HTTP/1.1" 200 -
INFO:werkzeug:127.0.0.1 - - [09/Nov/2025 17:51:25] "POST /positions HTTP/1.1" 200 -
INFO:werkzeug:127.0.0.1 - - [09/Nov/2025 17:51:28] "POST /positions HTTP/1.1" 200 -
INFO:werkzeug:127.0.0.1 - - [09/Nov/2025 17:51:52] "POST /positions HTTP/1.1" 200 -
INFO:werkzeug:127.0.0.1 - - [09/Nov/2025 17:51:54] "POST /positions HTTP/1.1" 200 -
INFO:werkzeug:127.0.0.1 - - [09/Nov/2025 17:51:58] "POST /positions HTTP/1.1" 200 -
INFO:werkzeug:127.0.0.1 - - [09/Nov/2025 17:52:21] "POST /positions HTTP/1.1" 200 -
INFO:werkzeug:127.0.0.1 - - [09/Nov/2025 17:52:26] "POST /positions HTTP/1.1" 200 -
INFO:werkzeug:127.0.0.1 - - [09/Nov/2025 17:52:30] "POST /positions HTTP/1.1" 200 -
INFO:werkzeug:127.0.0.1 - - [09/Nov/2025 17:52:52] "POST /positions HTTP/1.1" 200 -
INFO:werkzeug:127.0.0.1 - - [09/Nov/2025 17:52:54] "POST /positions HTTP/1.1" 200 -
INFO:werkzeug:127.0.0.1 - - [09/Nov/2025 17:52:58] "POST /positions HTTP/1.1" 200 -
INFO:werkzeug:127.0.0.1 - - [09/Nov/2025 17:53:22] "POST /positions HTTP/1.1" 200 -
INFO:werkzeug:127.0.0.1 - - [09/Nov/2025 17:53:25] "POST /positions HTTP/1.1" 200 -
INFO:werkzeug:127.0.0.1 - - [09/Nov/2025 17:53:28] "POST /positions HTTP/1.1" 200 -
INFO:werkzeug:127.0.0.1 - - [09/Nov/2025 17:53:52] "POST /positions HTTP/1.1" 200 -
INFO:werkzeug:127.0.0.1 - - [09/Nov/2025 17:53:55] "POST /positions HTTP/1.1" 200 -
INFO:werkzeug:127.0.0.1 - - [09/Nov/2025 17:53:59] "POST /positions HTTP/1.1" 200 -
INFO:werkzeug:127.0.0.1 - - [09/Nov/2025 17:54:22] "POST /positions HTTP/1.1" 200 -
INFO:werkzeug:127.0.0.1 - - [09/Nov/2025 17:54:24] "POST /positions HTTP/1.1" 200 -
INFO:werkzeug:127.0.0.1 - - [09/Nov/2025 17:54:28] "POST /positions HTTP/1.1" 200 -
INFO:werkzeug:127.0.0.1 - - [09/Nov/2025 17:54:51] "POST /positions HTTP/1.1" 200 -
INFO:werkzeug:127.0.0.1 - - [09/Nov/2025 17:54:54] "POST /positions HTTP/1.1" 200 -
INFO:werkzeug:127.0.0.1 - - [09/Nov/2025 17:54:57] "POST /positions HTTP/1.1" 200 -
INFO:werkzeug:127.0.0.1 - - [09/Nov/2025 17:55:21] "POST /positions HTTP/1.1" 200 -
INFO:werkzeug:127.0.0.1 - - [09/Nov/2025 17:55:24] "POST /positions HTTP/1.1" 200 -
INFO:werkzeug:127.0.0.1 - - [09/Nov/2025 17:55:27] "POST /positions HTTP/1.1" 200 -
INFO:werkzeug:127.0.0.1 - - [09/Nov/2025 17:55:52] "POST /positions HTTP/1.1" 200 -
INFO:werkzeug:127.0.0.1 - - [09/Nov/2025 17:55:55] "POST /positions HTTP/1.1" 200 -
INFO:werkzeug:127.0.0.1 - - [09/Nov/2025 17:55:58] "POST /positions HTTP/1.1" 200 -
INFO:werkzeug:127.0.0.1 - - [09/Nov/2025 17:56:22] "POST /positions HTTP/1.1" 200 -
INFO:werkzeug:127.0.0.1 - - [09/Nov/2025 17:56:25] "POST /positions HTTP/1.1" 200 -
INFO:werkzeug:127.0.0.1 - - [09/Nov/2025 17:56:28] "POST /positions HTTP/1.1" 200 -
INFO:werkzeug:127.0.0.1 - - [09/Nov/2025 17:56:53] "POST /positions HTTP/1.1" 200 -
INFO:werkzeug:127.0.0.1 - - [09/Nov/2025 17:56:56] "POST /positions HTTP/1.1" 200 -
INFO:werkzeug:127.0.0.1 - - [09/Nov/2025 17:57:01] "POST /positions HTTP/1.1" 200 -
INFO:werkzeug:127.0.0.1 - - [09/Nov/2025 17:57:21] "POST /positions HTTP/1.1" 200 -
INFO:werkzeug:127.0.0.1 - - [09/Nov/2025 17:57:24] "POST /positions HTTP/1.1" 200 -
INFO:werkzeug:127.0.0.1 - - [09/Nov/2025 17:57:29] "POST /positions HTTP/1.1" 200 -
INFO:werkzeug:127.0.0.1 - - [09/Nov/2025 17:57:52] "POST /positions HTTP/1.1" 200 -
INFO:werkzeug:127.0.0.1 - - [09/Nov/2025 17:57:55] "POST /positions HTTP/1.1" 200 -
INFO:werkzeug:127.0.0.1 - - [09/Nov/2025 17:57:58] "POST /positions HTTP/1.1" 200 -
INFO:werkzeug:127.0.0.1 - - [09/Nov/2025 17:58:21] "POST /positions HTTP/1.1" 200 -
INFO:werkzeug:127.0.0.1 - - [09/Nov/2025 17:58:24] "POST /positions HTTP/1.1" 200 -
INFO:werkzeug:127.0.0.1 - - [09/Nov/2025 17:58:28] "POST /positions HTTP/1.1" 200 -
INFO:werkzeug:127.0.0.1 - - [09/Nov/2025 17:58:51] "POST /positions HTTP/1.1" 200 -
INFO:werkzeug:127.0.0.1 - - [09/Nov/2025 17:58:54] "POST /positions HTTP/1.1" 200 -
INFO:werkzeug:127.0.0.1 - - [09/Nov/2025 17:58:57] "POST /positions HTTP/1.1" 200 -
INFO:werkzeug:127.0.0.1 - - [09/Nov/2025 17:59:21] "POST /positions HTTP/1.1" 200 -
INFO:werkzeug:127.0.0.1 - - [09/Nov/2025 17:59:24] "POST /positions HTTP/1.1" 200 -
INFO:werkzeug:127.0.0.1 - - [09/Nov/2025 17:59:27] "POST /positions HTTP/1.1" 200 -
INFO:werkzeug:127.0.0.1 - - [09/Nov/2025 17:59:52] "POST /positions HTTP/1.1" 200 -
INFO:werkzeug:127.0.0.1 - - [09/Nov/2025 17:59:55] "POST /positions HTTP/1.1" 200 -
INFO:werkzeug:127.0.0.1 - - [09/Nov/2025 17:59:58] "POST /positions HTTP/1.1" 200 -
INFO:werkzeug:127.0.0.1 - - [09/Nov/2025 18:00:21] "POST /positions HTTP/1.1" 200 -
INFO:werkzeug:127.0.0.1 - - [09/Nov/2025 18:00:25] "POST /positions HTTP/1.1" 200 -
INFO:werkzeug:127.0.0.1 - - [09/Nov/2025 18:00:28] "POST /positions HTTP/1.1" 200 -
INFO:werkzeug:127.0.0.1 - - [09/Nov/2025 18:00:51] "POST /positions HTTP/1.1" 200 -
INFO:werkzeug:127.0.0.1 - - [09/Nov/2025 18:00:54] "POST /positions HTTP/1.1" 200 -
INFO:werkzeug:127.0.0.1 - - [09/Nov/2025 18:00:57] "POST /positions HTTP/1.1" 200 -
INFO:werkzeug:127.0.0.1 - - [09/Nov/2025 18:01:21] "POST /positions HTTP/1.1" 200 -
INFO:werkzeug:127.0.0.1 - - [09/Nov/2025 18:01:24] "POST /positions HTTP/1.1" 200 -
INFO:werkzeug:127.0.0.1 - - [09/Nov/2025 18:01:27] "POST /positions HTTP/1.1" 200 -
INFO:werkzeug:127.0.0.1 - - [09/Nov/2025 18:01:51] "POST /positions HTTP/1.1" 200 -
INFO:werkzeug:127.0.0.1 - - [09/Nov/2025 18:01:54] "POST /positions HTTP/1.1" 200 -
INFO:werkzeug:127.0.0.1 - - [09/Nov/2025 18:01:57] "POST /positions HTTP/1.1" 200 -
INFO:werkzeug:127.0.0.1 - - [09/Nov/2025 18:02:21] "POST /positions HTTP/1.1" 200 -
INFO:werkzeug:127.0.0.1 - - [09/Nov/2025 18:02:24] "POST /positions HTTP/1.1" 200 -
INFO:werkzeug:127.0.0.1 - - [09/Nov/2025 18:02:27] "POST /positions HTTP/1.1" 200 -
INFO:werkzeug:127.0.0.1 - - [09/Nov/2025 18:02:54] "POST /positions HTTP/1.1" 200 -
INFO:werkzeug:127.0.0.1 - - [09/Nov/2025 18:02:57] "POST /positions HTTP/1.1" 200 -
INFO:werkzeug:127.0.0.1 - - [09/Nov/2025 18:03:01] "POST /positions HTTP/1.1" 200 -
INFO:werkzeug:127.0.0.1 - - [09/Nov/2025 18:03:21] "POST /positions HTTP/1.1" 200 -
INFO:werkzeug:127.0.0.1 - - [09/Nov/2025 18:03:24] "POST /positions HTTP/1.1" 200 -
INFO:werkzeug:127.0.0.1 - - [09/Nov/2025 18:03:27] "POST /positions HTTP/1.1" 200 -
INFO:werkzeug:127.0.0.1 - - [09/Nov/2025 18:03:51] "POST /positions HTTP/1.1" 200 -
INFO:werkzeug:127.0.0.1 - - [09/Nov/2025 18:03:54] "POST /positions HTTP/1.1" 200 -
INFO:werkzeug:127.0.0.1 - - [09/Nov/2025 18:03:57] "POST /positions HTTP/1.1" 200 -
INFO:werkzeug:127.0.0.1 - - [09/Nov/2025 18:04:21] "POST /positions HTTP/1.1" 200 -
INFO:werkzeug:127.0.0.1 - - [09/Nov/2025 18:04:25] "POST /positions HTTP/1.1" 200 -
INFO:werkzeug:127.0.0.1 - - [09/Nov/2025 18:04:29] "POST /positions HTTP/1.1" 200 -
INFO:werkzeug:127.0.0.1 - - [09/Nov/2025 18:04:51] "POST /positions HTTP/1.1" 200 -
INFO:werkzeug:127.0.0.1 - - [09/Nov/2025 18:04:54] "POST /positions HTTP/1.1" 200 -
INFO:werkzeug:127.0.0.1 - - [09/Nov/2025 18:04:58] "POST /positions HTTP/1.1" 200 -
INFO:werkzeug:127.0.0.1 - - [09/Nov/2025 18:05:21] "POST /positions HTTP/1.1" 200 -
INFO:werkzeug:127.0.0.1 - - [09/Nov/2025 18:05:24] "POST /positions HTTP/1.1" 200 -
INFO:werkzeug:127.0.0.1 - - [09/Nov/2025 18:05:27] "POST /positions HTTP/1.1" 200 -
INFO:werkzeug:127.0.0.1 - - [09/Nov/2025 18:05:52] "POST /positions HTTP/1.1" 200 -
INFO:werkzeug:127.0.0.1 - - [09/Nov/2025 18:05:55] "POST /positions HTTP/1.1" 200 -
INFO:werkzeug:127.0.0.1 - - [09/Nov/2025 18:05:58] "POST /positions HTTP/1.1" 200 -
INFO:werkzeug:127.0.0.1 - - [09/Nov/2025 18:06:21] "POST /positions HTTP/1.1" 200 -
INFO:werkzeug:127.0.0.1 - - [09/Nov/2025 18:06:25] "POST /positions HTTP/1.1" 200 -
INFO:werkzeug:127.0.0.1 - - [09/Nov/2025 18:11:45] "POST /positions HTTP/1.1" 200 -
INFO:werkzeug:127.0.0.1 - - [09/Nov/2025 18:11:48] "POST /positions HTTP/1.1" 200 -
INFO:werkzeug:127.0.0.1 - - [09/Nov/2025 18:11:52] "POST /positions HTTP/1.1" 200 -
INFO:werkzeug:127.0.0.1 - - [09/Nov/2025 18:12:14] "POST /positions HTTP/1.1" 200 -
INFO:werkzeug:127.0.0.1 - - [09/Nov/2025 18:12:17] "POST /positions HTTP/1.1" 200 -
INFO:werkzeug:127.0.0.1 - - [09/Nov/2025 18:12:21] "POST /positions HTTP/1.1" 200 -
ERROR:__main__:Get positions error: 
ERROR:__main__:Traceback (most recent call last):
  File "/Users/abhishekdubey/Downloads/Maxxit/services/venv/lib/python3.13/site-packages/aiohttp/client_reqrep.py", line 539, in start
    message, payload = await protocol.read()  # type: ignore[union-attr]
                       ^^^^^^^^^^^^^^^^^^^^^
  File "/Users/abhishekdubey/Downloads/Maxxit/services/venv/lib/python3.13/site-packages/aiohttp/streams.py", line 680, in read
    await self._waiter
asyncio.exceptions.CancelledError

The above exception was the direct cause of the following exception:

Traceback (most recent call last):
  File "/Users/abhishekdubey/Downloads/Maxxit/services/ostium-service.py", line 153, in get_positions
    result = loop.run_until_complete(sdk.get_open_trades(trader_address=address))
  File "/Library/Frameworks/Python.framework/Versions/3.13/lib/python3.13/asyncio/base_events.py", line 725, in run_until_complete
    return future.result()
           ~~~~~~~~~~~~~^^
  File "/Users/abhishekdubey/Downloads/Maxxit/services/venv/lib/python3.13/site-packages/ostium_python_sdk/sdk.py", line 103, in get_open_trades
    open_trades = await self.subgraph.get_open_trades(trader_public_address)
                  ^^^^^^^^^^^^^^^^^^^^^^^^^^^^^^^^^^^^^^^^^^^^^^^^^^^^^^^^^^
  File "/Users/abhishekdubey/Downloads/Maxxit/services/venv/lib/python3.13/site-packages/ostium_python_sdk/subgraph.py", line 245, in get_open_trades
    result = await self._execute_query(query, variable_values={"trader": address})
             ^^^^^^^^^^^^^^^^^^^^^^^^^^^^^^^^^^^^^^^^^^^^^^^^^^^^^^^^^^^^^^^^^^^^^
  File "/Users/abhishekdubey/Downloads/Maxxit/services/venv/lib/python3.13/site-packages/ostium_python_sdk/subgraph.py", line 46, in _execute_query
    raise e
  File "/Users/abhishekdubey/Downloads/Maxxit/services/venv/lib/python3.13/site-packages/ostium_python_sdk/subgraph.py", line 35, in _execute_query
    result = await client.execute_async(query, variable_values=variable_values)
             ^^^^^^^^^^^^^^^^^^^^^^^^^^^^^^^^^^^^^^^^^^^^^^^^^^^^^^^^^^^^^^^^^^
  File "/Users/abhishekdubey/Downloads/Maxxit/services/venv/lib/python3.13/site-packages/gql/client.py", line 367, in execute_async
    return await session.execute(
           ^^^^^^^^^^^^^^^^^^^^^^
    ...<7 lines>...
    )
    ^
  File "/Users/abhishekdubey/Downloads/Maxxit/services/venv/lib/python3.13/site-packages/gql/client.py", line 1628, in execute
    result = await self._execute(
             ^^^^^^^^^^^^^^^^^^^^
    ...<6 lines>...
    )
    ^
  File "/Users/abhishekdubey/Downloads/Maxxit/services/venv/lib/python3.13/site-packages/gql/client.py", line 1537, in _execute
    result = await self.transport.execute(
             ^^^^^^^^^^^^^^^^^^^^^^^^^^^^^
    ...<4 lines>...
    )
    ^
  File "/Users/abhishekdubey/Downloads/Maxxit/services/venv/lib/python3.13/site-packages/gql/transport/aiohttp.py", line 308, in execute
    async with self.session.post(self.url, ssl=self.ssl, **post_args) as resp:
               ~~~~~~~~~~~~~~~~~^^^^^^^^^^^^^^^^^^^^^^^^^^^^^^^^^^^^^
  File "/Users/abhishekdubey/Downloads/Maxxit/services/venv/lib/python3.13/site-packages/aiohttp/client.py", line 1510, in __aenter__
    self._resp: _RetType = await self._coro
                           ^^^^^^^^^^^^^^^^
  File "/Users/abhishekdubey/Downloads/Maxxit/services/venv/lib/python3.13/site-packages/aiohttp/client.py", line 779, in _request
    resp = await handler(req)
           ^^^^^^^^^^^^^^^^^^
  File "/Users/abhishekdubey/Downloads/Maxxit/services/venv/lib/python3.13/site-packages/aiohttp/client.py", line 757, in _connect_and_send_request
    await resp.start(conn)
  File "/Users/abhishekdubey/Downloads/Maxxit/services/venv/lib/python3.13/site-packages/aiohttp/client_reqrep.py", line 534, in start
    with self._timer:
         ^^^^^^^^^^^
  File "/Users/abhishekdubey/Downloads/Maxxit/services/venv/lib/python3.13/site-packages/aiohttp/helpers.py", line 713, in __exit__
    raise asyncio.TimeoutError from exc_val
TimeoutError

INFO:werkzeug:127.0.0.1 - - [09/Nov/2025 18:12:39] "[35m[1mPOST /positions HTTP/1.1[0m" 500 -
INFO:werkzeug:127.0.0.1 - - [09/Nov/2025 18:12:45] "POST /positions HTTP/1.1" 200 -
INFO:werkzeug:127.0.0.1 - - [09/Nov/2025 18:12:47] "POST /positions HTTP/1.1" 200 -
INFO:werkzeug:127.0.0.1 - - [09/Nov/2025 18:12:51] "POST /positions HTTP/1.1" 200 -
INFO:werkzeug:127.0.0.1 - - [09/Nov/2025 18:13:14] "POST /positions HTTP/1.1" 200 -
INFO:werkzeug:127.0.0.1 - - [09/Nov/2025 18:13:17] "POST /positions HTTP/1.1" 200 -
INFO:werkzeug:127.0.0.1 - - [09/Nov/2025 18:13:21] "POST /positions HTTP/1.1" 200 -
INFO:werkzeug:127.0.0.1 - - [09/Nov/2025 18:13:44] "POST /positions HTTP/1.1" 200 -
INFO:werkzeug:127.0.0.1 - - [09/Nov/2025 18:13:47] "POST /positions HTTP/1.1" 200 -
INFO:werkzeug:127.0.0.1 - - [09/Nov/2025 18:13:51] "POST /positions HTTP/1.1" 200 -
INFO:werkzeug:127.0.0.1 - - [09/Nov/2025 18:14:14] "POST /positions HTTP/1.1" 200 -
INFO:werkzeug:127.0.0.1 - - [09/Nov/2025 18:14:17] "POST /positions HTTP/1.1" 200 -
INFO:werkzeug:127.0.0.1 - - [09/Nov/2025 18:14:21] "POST /positions HTTP/1.1" 200 -
INFO:werkzeug:127.0.0.1 - - [09/Nov/2025 18:14:43] "POST /positions HTTP/1.1" 200 -
INFO:werkzeug:127.0.0.1 - - [09/Nov/2025 18:14:46] "POST /positions HTTP/1.1" 200 -
INFO:werkzeug:127.0.0.1 - - [09/Nov/2025 18:14:50] "POST /positions HTTP/1.1" 200 -
INFO:werkzeug:127.0.0.1 - - [09/Nov/2025 18:15:13] "POST /positions HTTP/1.1" 200 -
INFO:werkzeug:127.0.0.1 - - [09/Nov/2025 18:15:17] "POST /positions HTTP/1.1" 200 -
INFO:werkzeug:127.0.0.1 - - [09/Nov/2025 18:15:20] "POST /positions HTTP/1.1" 200 -
INFO:werkzeug:127.0.0.1 - - [09/Nov/2025 18:15:44] "POST /positions HTTP/1.1" 200 -
INFO:werkzeug:127.0.0.1 - - [09/Nov/2025 18:15:47] "POST /positions HTTP/1.1" 200 -
INFO:werkzeug:127.0.0.1 - - [09/Nov/2025 18:15:51] "POST /positions HTTP/1.1" 200 -
INFO:werkzeug:127.0.0.1 - - [09/Nov/2025 18:16:14] "POST /positions HTTP/1.1" 200 -
INFO:werkzeug:127.0.0.1 - - [09/Nov/2025 18:16:17] "POST /positions HTTP/1.1" 200 -
INFO:werkzeug:127.0.0.1 - - [09/Nov/2025 18:16:21] "POST /positions HTTP/1.1" 200 -
INFO:werkzeug:127.0.0.1 - - [09/Nov/2025 18:16:44] "POST /positions HTTP/1.1" 200 -
INFO:werkzeug:127.0.0.1 - - [09/Nov/2025 18:16:49] "POST /positions HTTP/1.1" 200 -
INFO:werkzeug:127.0.0.1 - - [09/Nov/2025 18:16:53] "POST /positions HTTP/1.1" 200 -
INFO:werkzeug:127.0.0.1 - - [09/Nov/2025 18:17:14] "POST /positions HTTP/1.1" 200 -
INFO:werkzeug:127.0.0.1 - - [09/Nov/2025 18:17:18] "POST /positions HTTP/1.1" 200 -
INFO:werkzeug:127.0.0.1 - - [09/Nov/2025 18:17:21] "POST /positions HTTP/1.1" 200 -
INFO:werkzeug:127.0.0.1 - - [09/Nov/2025 18:17:44] "POST /positions HTTP/1.1" 200 -
INFO:werkzeug:127.0.0.1 - - [09/Nov/2025 18:41:39] "POST /positions HTTP/1.1" 200 -
INFO:werkzeug:127.0.0.1 - - [09/Nov/2025 18:41:43] "POST /positions HTTP/1.1" 200 -
INFO:werkzeug:127.0.0.1 - - [09/Nov/2025 18:41:46] "POST /positions HTTP/1.1" 200 -
INFO:werkzeug:127.0.0.1 - - [09/Nov/2025 18:42:08] "POST /positions HTTP/1.1" 200 -
INFO:werkzeug:127.0.0.1 - - [09/Nov/2025 18:42:10] "POST /positions HTTP/1.1" 200 -
INFO:werkzeug:127.0.0.1 - - [09/Nov/2025 18:42:14] "POST /positions HTTP/1.1" 200 -
INFO:werkzeug:127.0.0.1 - - [09/Nov/2025 18:42:38] "POST /positions HTTP/1.1" 200 -
INFO:werkzeug:127.0.0.1 - - [09/Nov/2025 18:42:42] "POST /positions HTTP/1.1" 200 -
INFO:werkzeug:127.0.0.1 - - [09/Nov/2025 18:42:46] "POST /positions HTTP/1.1" 200 -
INFO:werkzeug:127.0.0.1 - - [09/Nov/2025 18:43:08] "POST /positions HTTP/1.1" 200 -
INFO:werkzeug:127.0.0.1 - - [09/Nov/2025 18:43:11] "POST /positions HTTP/1.1" 200 -
INFO:werkzeug:127.0.0.1 - - [09/Nov/2025 18:43:15] "POST /positions HTTP/1.1" 200 -
INFO:werkzeug:127.0.0.1 - - [09/Nov/2025 18:43:38] "POST /positions HTTP/1.1" 200 -
INFO:werkzeug:127.0.0.1 - - [09/Nov/2025 18:43:40] "POST /positions HTTP/1.1" 200 -
INFO:werkzeug:127.0.0.1 - - [09/Nov/2025 18:43:44] "POST /positions HTTP/1.1" 200 -
INFO:werkzeug:127.0.0.1 - - [09/Nov/2025 18:44:08] "POST /positions HTTP/1.1" 200 -
INFO:werkzeug:127.0.0.1 - - [09/Nov/2025 18:44:11] "POST /positions HTTP/1.1" 200 -
INFO:werkzeug:127.0.0.1 - - [09/Nov/2025 18:44:14] "POST /positions HTTP/1.1" 200 -
INFO:werkzeug:127.0.0.1 - - [09/Nov/2025 18:44:38] "POST /positions HTTP/1.1" 200 -
INFO:werkzeug:127.0.0.1 - - [09/Nov/2025 18:44:42] "POST /positions HTTP/1.1" 200 -
INFO:werkzeug:127.0.0.1 - - [09/Nov/2025 18:44:45] "POST /positions HTTP/1.1" 200 -
INFO:werkzeug:127.0.0.1 - - [09/Nov/2025 18:45:08] "POST /positions HTTP/1.1" 200 -
INFO:werkzeug:127.0.0.1 - - [09/Nov/2025 18:45:11] "POST /positions HTTP/1.1" 200 -
INFO:werkzeug:127.0.0.1 - - [09/Nov/2025 18:45:15] "POST /positions HTTP/1.1" 200 -
INFO:werkzeug:127.0.0.1 - - [09/Nov/2025 18:45:39] "POST /positions HTTP/1.1" 200 -
INFO:werkzeug:127.0.0.1 - - [09/Nov/2025 18:45:42] "POST /positions HTTP/1.1" 200 -
INFO:werkzeug:127.0.0.1 - - [09/Nov/2025 18:45:45] "POST /positions HTTP/1.1" 200 -
ERROR:__main__:Get positions error: Connection closed
ERROR:__main__:Traceback (most recent call last):
  File "/Users/abhishekdubey/Downloads/Maxxit/services/venv/lib/python3.13/site-packages/aiohttp/streams.py", line 355, in _wait
    await waiter
asyncio.exceptions.CancelledError

The above exception was the direct cause of the following exception:

Traceback (most recent call last):
  File "/Users/abhishekdubey/Downloads/Maxxit/services/venv/lib/python3.13/site-packages/gql/transport/aiohttp.py", line 331, in execute
    result = await resp.json(content_type=None)
             ^^^^^^^^^^^^^^^^^^^^^^^^^^^^^^^^^^
  File "/Users/abhishekdubey/Downloads/Maxxit/services/venv/lib/python3.13/site-packages/aiohttp/client_reqrep.py", line 751, in json
    await self.read()
  File "/Users/abhishekdubey/Downloads/Maxxit/services/venv/lib/python3.13/site-packages/aiohttp/client_reqrep.py", line 693, in read
    self._body = await self.content.read()
                 ^^^^^^^^^^^^^^^^^^^^^^^^^
  File "/Users/abhishekdubey/Downloads/Maxxit/services/venv/lib/python3.13/site-packages/aiohttp/streams.py", line 426, in read
    block = await self.readany()
            ^^^^^^^^^^^^^^^^^^^^
  File "/Users/abhishekdubey/Downloads/Maxxit/services/venv/lib/python3.13/site-packages/aiohttp/streams.py", line 448, in readany
    await self._wait("readany")
  File "/Users/abhishekdubey/Downloads/Maxxit/services/venv/lib/python3.13/site-packages/aiohttp/streams.py", line 354, in _wait
    with self._timer:
         ^^^^^^^^^^^
  File "/Users/abhishekdubey/Downloads/Maxxit/services/venv/lib/python3.13/site-packages/aiohttp/helpers.py", line 713, in __exit__
    raise asyncio.TimeoutError from exc_val
TimeoutError

During handling of the above exception, another exception occurred:

Traceback (most recent call last):
  File "/Users/abhishekdubey/Downloads/Maxxit/services/ostium-service.py", line 153, in get_positions
    result = loop.run_until_complete(sdk.get_open_trades(trader_address=address))
  File "/Library/Frameworks/Python.framework/Versions/3.13/lib/python3.13/asyncio/base_events.py", line 725, in run_until_complete
    return future.result()
           ~~~~~~~~~~~~~^^
  File "/Users/abhishekdubey/Downloads/Maxxit/services/venv/lib/python3.13/site-packages/ostium_python_sdk/sdk.py", line 103, in get_open_trades
    open_trades = await self.subgraph.get_open_trades(trader_public_address)
                  ^^^^^^^^^^^^^^^^^^^^^^^^^^^^^^^^^^^^^^^^^^^^^^^^^^^^^^^^^^
  File "/Users/abhishekdubey/Downloads/Maxxit/services/venv/lib/python3.13/site-packages/ostium_python_sdk/subgraph.py", line 245, in get_open_trades
    result = await self._execute_query(query, variable_values={"trader": address})
             ^^^^^^^^^^^^^^^^^^^^^^^^^^^^^^^^^^^^^^^^^^^^^^^^^^^^^^^^^^^^^^^^^^^^^
  File "/Users/abhishekdubey/Downloads/Maxxit/services/venv/lib/python3.13/site-packages/ostium_python_sdk/subgraph.py", line 46, in _execute_query
    raise e
  File "/Users/abhishekdubey/Downloads/Maxxit/services/venv/lib/python3.13/site-packages/ostium_python_sdk/subgraph.py", line 35, in _execute_query
    result = await client.execute_async(query, variable_values=variable_values)
             ^^^^^^^^^^^^^^^^^^^^^^^^^^^^^^^^^^^^^^^^^^^^^^^^^^^^^^^^^^^^^^^^^^
  File "/Users/abhishekdubey/Downloads/Maxxit/services/venv/lib/python3.13/site-packages/gql/client.py", line 366, in execute_async
    async with self as session:
               ^^^^
  File "/Users/abhishekdubey/Downloads/Maxxit/services/venv/lib/python3.13/site-packages/gql/client.py", line 814, in __aenter__
    return await self.connect_async()
           ^^^^^^^^^^^^^^^^^^^^^^^^^^
  File "/Users/abhishekdubey/Downloads/Maxxit/services/venv/lib/python3.13/site-packages/gql/client.py", line 795, in connect_async
    await self.session.fetch_schema()
  File "/Users/abhishekdubey/Downloads/Maxxit/services/venv/lib/python3.13/site-packages/gql/client.py", line 1661, in fetch_schema
    execution_result = await self.transport.execute(parse(introspection_query))
                       ^^^^^^^^^^^^^^^^^^^^^^^^^^^^^^^^^^^^^^^^^^^^^^^^^^^^^^^^
  File "/Users/abhishekdubey/Downloads/Maxxit/services/venv/lib/python3.13/site-packages/gql/transport/aiohttp.py", line 338, in execute
    await raise_response_error(resp, "Not a JSON answer")
  File "/Users/abhishekdubey/Downloads/Maxxit/services/venv/lib/python3.13/site-packages/gql/transport/aiohttp.py", line 323, in raise_response_error
    result_text = await resp.text()
                  ^^^^^^^^^^^^^^^^^
  File "/Users/abhishekdubey/Downloads/Maxxit/services/venv/lib/python3.13/site-packages/aiohttp/client_reqrep.py", line 735, in text
    await self.read()
  File "/Users/abhishekdubey/Downloads/Maxxit/services/venv/lib/python3.13/site-packages/aiohttp/client_reqrep.py", line 693, in read
    self._body = await self.content.read()
                 ^^^^^^^^^^^^^^^^^^^^^^^^^
  File "/Users/abhishekdubey/Downloads/Maxxit/services/venv/lib/python3.13/site-packages/aiohttp/streams.py", line 400, in read
    raise self._exception
  File "/Users/abhishekdubey/Downloads/Maxxit/services/ostium-service.py", line 153, in get_positions
    result = loop.run_until_complete(sdk.get_open_trades(trader_address=address))
  File "/Library/Frameworks/Python.framework/Versions/3.13/lib/python3.13/asyncio/base_events.py", line 725, in run_until_complete
    return future.result()
           ~~~~~~~~~~~~~^^
  File "/Users/abhishekdubey/Downloads/Maxxit/services/venv/lib/python3.13/site-packages/ostium_python_sdk/sdk.py", line 103, in get_open_trades
    open_trades = await self.subgraph.get_open_trades(trader_public_address)
                  ^^^^^^^^^^^^^^^^^^^^^^^^^^^^^^^^^^^^^^^^^^^^^^^^^^^^^^^^^^
  File "/Users/abhishekdubey/Downloads/Maxxit/services/venv/lib/python3.13/site-packages/ostium_python_sdk/subgraph.py", line 245, in get_open_trades
    result = await self._execute_query(query, variable_values={"trader": address})
             ^^^^^^^^^^^^^^^^^^^^^^^^^^^^^^^^^^^^^^^^^^^^^^^^^^^^^^^^^^^^^^^^^^^^^
  File "/Users/abhishekdubey/Downloads/Maxxit/services/venv/lib/python3.13/site-packages/ostium_python_sdk/subgraph.py", line 46, in _execute_query
    raise e
  File "/Users/abhishekdubey/Downloads/Maxxit/services/venv/lib/python3.13/site-packages/ostium_python_sdk/subgraph.py", line 35, in _execute_query
    result = await client.execute_async(query, variable_values=variable_values)
             ^^^^^^^^^^^^^^^^^^^^^^^^^^^^^^^^^^^^^^^^^^^^^^^^^^^^^^^^^^^^^^^^^^
  File "/Users/abhishekdubey/Downloads/Maxxit/services/venv/lib/python3.13/site-packages/gql/client.py", line 366, in execute_async
    async with self as session:
               ^^^^
  File "/Users/abhishekdubey/Downloads/Maxxit/services/venv/lib/python3.13/site-packages/gql/client.py", line 814, in __aenter__
    return await self.connect_async()
           ^^^^^^^^^^^^^^^^^^^^^^^^^^
  File "/Users/abhishekdubey/Downloads/Maxxit/services/venv/lib/python3.13/site-packages/gql/client.py", line 795, in connect_async
    await self.session.fetch_schema()
  File "/Users/abhishekdubey/Downloads/Maxxit/services/venv/lib/python3.13/site-packages/gql/client.py", line 1661, in fetch_schema
    execution_result = await self.transport.execute(parse(introspection_query))
                       ^^^^^^^^^^^^^^^^^^^^^^^^^^^^^^^^^^^^^^^^^^^^^^^^^^^^^^^^
  File "/Users/abhishekdubey/Downloads/Maxxit/services/venv/lib/python3.13/site-packages/gql/transport/aiohttp.py", line 338, in execute
    await raise_response_error(resp, "Not a JSON answer")
  File "/Users/abhishekdubey/Downloads/Maxxit/services/venv/lib/python3.13/site-packages/gql/transport/aiohttp.py", line 323, in raise_response_error
    result_text = await resp.text()
                  ^^^^^^^^^^^^^^^^^
  File "/Users/abhishekdubey/Downloads/Maxxit/services/venv/lib/python3.13/site-packages/aiohttp/client_reqrep.py", line 735, in text
    await self.read()
  File "/Users/abhishekdubey/Downloads/Maxxit/services/venv/lib/python3.13/site-packages/aiohttp/client_reqrep.py", line 693, in read
    self._body = await self.content.read()
                 ^^^^^^^^^^^^^^^^^^^^^^^^^
  File "/Users/abhishekdubey/Downloads/Maxxit/services/venv/lib/python3.13/site-packages/aiohttp/streams.py", line 400, in read
    raise self._exception
  File "/Users/abhishekdubey/Downloads/Maxxit/services/ostium-service.py", line 153, in get_positions
    result = loop.run_until_complete(sdk.get_open_trades(trader_address=address))
  File "/Library/Frameworks/Python.framework/Versions/3.13/lib/python3.13/asyncio/base_events.py", line 725, in run_until_complete
    return future.result()
           ~~~~~~~~~~~~~^^
  File "/Users/abhishekdubey/Downloads/Maxxit/services/venv/lib/python3.13/site-packages/ostium_python_sdk/sdk.py", line 103, in get_open_trades
    open_trades = await self.subgraph.get_open_trades(trader_public_address)
                  ^^^^^^^^^^^^^^^^^^^^^^^^^^^^^^^^^^^^^^^^^^^^^^^^^^^^^^^^^^
  File "/Users/abhishekdubey/Downloads/Maxxit/services/venv/lib/python3.13/site-packages/ostium_python_sdk/subgraph.py", line 245, in get_open_trades
    result = await self._execute_query(query, variable_values={"trader": address})
             ^^^^^^^^^^^^^^^^^^^^^^^^^^^^^^^^^^^^^^^^^^^^^^^^^^^^^^^^^^^^^^^^^^^^^
  File "/Users/abhishekdubey/Downloads/Maxxit/services/venv/lib/python3.13/site-packages/ostium_python_sdk/subgraph.py", line 46, in _execute_query
    raise e
  File "/Users/abhishekdubey/Downloads/Maxxit/services/venv/lib/python3.13/site-packages/ostium_python_sdk/subgraph.py", line 35, in _execute_query
    result = await client.execute_async(query, variable_values=variable_values)
             ^^^^^^^^^^^^^^^^^^^^^^^^^^^^^^^^^^^^^^^^^^^^^^^^^^^^^^^^^^^^^^^^^^
  File "/Users/abhishekdubey/Downloads/Maxxit/services/venv/lib/python3.13/site-packages/gql/client.py", line 366, in execute_async
    async with self as session:
               ^^^^
  File "/Users/abhishekdubey/Downloads/Maxxit/services/venv/lib/python3.13/site-packages/gql/client.py", line 814, in __aenter__
    return await self.connect_async()
           ^^^^^^^^^^^^^^^^^^^^^^^^^^
  File "/Users/abhishekdubey/Downloads/Maxxit/services/venv/lib/python3.13/site-packages/gql/client.py", line 795, in connect_async
    await self.session.fetch_schema()
  File "/Users/abhishekdubey/Downloads/Maxxit/services/venv/lib/python3.13/site-packages/gql/client.py", line 1661, in fetch_schema
    execution_result = await self.transport.execute(parse(introspection_query))
                       ^^^^^^^^^^^^^^^^^^^^^^^^^^^^^^^^^^^^^^^^^^^^^^^^^^^^^^^^
  File "/Users/abhishekdubey/Downloads/Maxxit/services/venv/lib/python3.13/site-packages/gql/transport/aiohttp.py", line 338, in execute
    await raise_response_error(resp, "Not a JSON answer")
  File "/Users/abhishekdubey/Downloads/Maxxit/services/venv/lib/python3.13/site-packages/gql/transport/aiohttp.py", line 323, in raise_response_error
    result_text = await resp.text()
                  ^^^^^^^^^^^^^^^^^
  File "/Users/abhishekdubey/Downloads/Maxxit/services/venv/lib/python3.13/site-packages/aiohttp/client_reqrep.py", line 735, in text
    await self.read()
  File "/Users/abhishekdubey/Downloads/Maxxit/services/venv/lib/python3.13/site-packages/aiohttp/client_reqrep.py", line 693, in read
    self._body = await self.content.read()
                 ^^^^^^^^^^^^^^^^^^^^^^^^^
  File "/Users/abhishekdubey/Downloads/Maxxit/services/venv/lib/python3.13/site-packages/aiohttp/streams.py", line 400, in read
    raise self._exception
aiohttp.client_exceptions.ClientConnectionError: Connection closed

INFO:werkzeug:127.0.0.1 - - [09/Nov/2025 18:46:03] "[35m[1mPOST /positions HTTP/1.1[0m" 500 -
INFO:werkzeug:127.0.0.1 - - [09/Nov/2025 18:46:06] "POST /positions HTTP/1.1" 200 -
INFO:werkzeug:127.0.0.1 - - [09/Nov/2025 18:46:09] "POST /positions HTTP/1.1" 200 -
INFO:werkzeug:127.0.0.1 - - [09/Nov/2025 18:46:12] "POST /positions HTTP/1.1" 200 -
INFO:werkzeug:127.0.0.1 - - [09/Nov/2025 18:46:16] "POST /positions HTTP/1.1" 200 -
INFO:werkzeug:127.0.0.1 - - [09/Nov/2025 18:46:38] "POST /positions HTTP/1.1" 200 -
INFO:werkzeug:127.0.0.1 - - [09/Nov/2025 18:46:44] "POST /positions HTTP/1.1" 200 -
INFO:werkzeug:127.0.0.1 - - [09/Nov/2025 18:46:48] "POST /positions HTTP/1.1" 200 -
INFO:werkzeug:127.0.0.1 - - [09/Nov/2025 18:47:09] "POST /positions HTTP/1.1" 200 -
INFO:werkzeug:127.0.0.1 - - [09/Nov/2025 18:47:15] "POST /positions HTTP/1.1" 200 -
INFO:werkzeug:127.0.0.1 - - [09/Nov/2025 18:47:18] "POST /positions HTTP/1.1" 200 -
INFO:werkzeug:127.0.0.1 - - [09/Nov/2025 18:47:41] "POST /positions HTTP/1.1" 200 -
INFO:werkzeug:127.0.0.1 - - [09/Nov/2025 18:47:46] "POST /positions HTTP/1.1" 200 -
INFO:werkzeug:127.0.0.1 - - [09/Nov/2025 18:47:50] "POST /positions HTTP/1.1" 200 -
INFO:werkzeug:127.0.0.1 - - [09/Nov/2025 18:48:07] "POST /positions HTTP/1.1" 200 -
INFO:werkzeug:127.0.0.1 - - [09/Nov/2025 18:48:11] "POST /positions HTTP/1.1" 200 -
INFO:werkzeug:127.0.0.1 - - [09/Nov/2025 18:48:17] "POST /positions HTTP/1.1" 200 -
INFO:werkzeug:127.0.0.1 - - [09/Nov/2025 18:48:38] "POST /positions HTTP/1.1" 200 -
INFO:werkzeug:127.0.0.1 - - [09/Nov/2025 18:48:42] "POST /positions HTTP/1.1" 200 -
INFO:werkzeug:127.0.0.1 - - [09/Nov/2025 18:48:46] "POST /positions HTTP/1.1" 200 -
INFO:werkzeug:127.0.0.1 - - [09/Nov/2025 18:49:08] "POST /positions HTTP/1.1" 200 -
INFO:werkzeug:127.0.0.1 - - [09/Nov/2025 18:49:11] "POST /positions HTTP/1.1" 200 -
INFO:werkzeug:127.0.0.1 - - [09/Nov/2025 18:49:15] "POST /positions HTTP/1.1" 200 -
INFO:werkzeug:127.0.0.1 - - [09/Nov/2025 18:49:38] "POST /positions HTTP/1.1" 200 -
INFO:werkzeug:127.0.0.1 - - [09/Nov/2025 18:49:41] "POST /positions HTTP/1.1" 200 -
INFO:werkzeug:127.0.0.1 - - [09/Nov/2025 18:49:46] "POST /positions HTTP/1.1" 200 -
INFO:werkzeug:127.0.0.1 - - [09/Nov/2025 18:50:08] "POST /positions HTTP/1.1" 200 -
INFO:werkzeug:127.0.0.1 - - [09/Nov/2025 18:50:11] "POST /positions HTTP/1.1" 200 -
INFO:werkzeug:127.0.0.1 - - [09/Nov/2025 18:50:14] "POST /positions HTTP/1.1" 200 -
INFO:werkzeug:127.0.0.1 - - [09/Nov/2025 18:50:38] "POST /positions HTTP/1.1" 200 -
INFO:werkzeug:127.0.0.1 - - [09/Nov/2025 18:50:41] "POST /positions HTTP/1.1" 200 -
INFO:werkzeug:127.0.0.1 - - [09/Nov/2025 18:50:44] "POST /positions HTTP/1.1" 200 -
INFO:werkzeug:127.0.0.1 - - [09/Nov/2025 18:51:08] "POST /positions HTTP/1.1" 200 -
INFO:werkzeug:127.0.0.1 - - [09/Nov/2025 18:51:12] "POST /positions HTTP/1.1" 200 -
INFO:werkzeug:127.0.0.1 - - [09/Nov/2025 18:51:15] "POST /positions HTTP/1.1" 200 -
INFO:werkzeug:127.0.0.1 - - [09/Nov/2025 18:51:38] "POST /positions HTTP/1.1" 200 -
INFO:werkzeug:127.0.0.1 - - [09/Nov/2025 18:51:42] "POST /positions HTTP/1.1" 200 -
INFO:werkzeug:127.0.0.1 - - [09/Nov/2025 18:51:47] "POST /positions HTTP/1.1" 200 -
INFO:werkzeug:127.0.0.1 - - [09/Nov/2025 18:52:10] "POST /positions HTTP/1.1" 200 -
INFO:werkzeug:127.0.0.1 - - [09/Nov/2025 18:52:13] "POST /positions HTTP/1.1" 200 -
INFO:werkzeug:127.0.0.1 - - [09/Nov/2025 18:52:17] "POST /positions HTTP/1.1" 200 -
INFO:werkzeug:127.0.0.1 - - [09/Nov/2025 18:52:40] "POST /positions HTTP/1.1" 200 -
INFO:werkzeug:127.0.0.1 - - [09/Nov/2025 18:52:42] "POST /positions HTTP/1.1" 200 -
INFO:werkzeug:127.0.0.1 - - [09/Nov/2025 18:52:48] "POST /positions HTTP/1.1" 200 -
INFO:werkzeug:127.0.0.1 - - [09/Nov/2025 18:53:08] "POST /positions HTTP/1.1" 200 -
INFO:werkzeug:127.0.0.1 - - [09/Nov/2025 18:53:11] "POST /positions HTTP/1.1" 200 -
INFO:werkzeug:127.0.0.1 - - [09/Nov/2025 18:53:15] "POST /positions HTTP/1.1" 200 -
INFO:werkzeug:127.0.0.1 - - [09/Nov/2025 18:53:38] "POST /positions HTTP/1.1" 200 -
INFO:werkzeug:127.0.0.1 - - [09/Nov/2025 18:53:41] "POST /positions HTTP/1.1" 200 -
INFO:werkzeug:127.0.0.1 - - [09/Nov/2025 18:53:44] "POST /positions HTTP/1.1" 200 -
INFO:werkzeug:127.0.0.1 - - [09/Nov/2025 18:54:09] "POST /positions HTTP/1.1" 200 -
INFO:werkzeug:127.0.0.1 - - [09/Nov/2025 18:54:12] "POST /positions HTTP/1.1" 200 -
INFO:werkzeug:127.0.0.1 - - [09/Nov/2025 18:54:17] "POST /positions HTTP/1.1" 200 -
INFO:werkzeug:127.0.0.1 - - [09/Nov/2025 18:54:38] "POST /positions HTTP/1.1" 200 -
INFO:werkzeug:127.0.0.1 - - [09/Nov/2025 18:54:41] "POST /positions HTTP/1.1" 200 -
INFO:werkzeug:127.0.0.1 - - [09/Nov/2025 18:54:46] "POST /positions HTTP/1.1" 200 -
INFO:werkzeug:127.0.0.1 - - [09/Nov/2025 18:55:09] "POST /positions HTTP/1.1" 200 -
INFO:werkzeug:127.0.0.1 - - [09/Nov/2025 18:55:13] "POST /positions HTTP/1.1" 200 -
INFO:werkzeug:127.0.0.1 - - [09/Nov/2025 18:55:17] "POST /positions HTTP/1.1" 200 -
INFO:werkzeug:127.0.0.1 - - [09/Nov/2025 18:55:38] "POST /positions HTTP/1.1" 200 -
INFO:werkzeug:127.0.0.1 - - [09/Nov/2025 18:55:41] "POST /positions HTTP/1.1" 200 -
INFO:werkzeug:127.0.0.1 - - [09/Nov/2025 18:55:45] "POST /positions HTTP/1.1" 200 -
INFO:werkzeug:127.0.0.1 - - [09/Nov/2025 18:56:08] "POST /positions HTTP/1.1" 200 -
INFO:werkzeug:127.0.0.1 - - [09/Nov/2025 18:56:11] "POST /positions HTTP/1.1" 200 -
INFO:werkzeug:127.0.0.1 - - [09/Nov/2025 18:56:14] "POST /positions HTTP/1.1" 200 -
INFO:werkzeug:127.0.0.1 - - [09/Nov/2025 18:56:39] "POST /positions HTTP/1.1" 200 -
INFO:werkzeug:127.0.0.1 - - [09/Nov/2025 18:56:42] "POST /positions HTTP/1.1" 200 -
INFO:werkzeug:127.0.0.1 - - [09/Nov/2025 18:56:45] "POST /positions HTTP/1.1" 200 -
INFO:werkzeug:127.0.0.1 - - [09/Nov/2025 18:57:09] "POST /positions HTTP/1.1" 200 -
INFO:werkzeug:127.0.0.1 - - [09/Nov/2025 18:57:14] "POST /positions HTTP/1.1" 200 -
INFO:werkzeug:127.0.0.1 - - [09/Nov/2025 18:57:18] "POST /positions HTTP/1.1" 200 -
INFO:werkzeug:127.0.0.1 - - [09/Nov/2025 18:57:40] "POST /positions HTTP/1.1" 200 -
INFO:werkzeug:127.0.0.1 - - [09/Nov/2025 18:57:42] "POST /positions HTTP/1.1" 200 -
INFO:werkzeug:127.0.0.1 - - [09/Nov/2025 18:57:46] "POST /positions HTTP/1.1" 200 -
INFO:werkzeug:127.0.0.1 - - [09/Nov/2025 18:58:08] "POST /positions HTTP/1.1" 200 -
INFO:werkzeug:127.0.0.1 - - [09/Nov/2025 18:58:12] "POST /positions HTTP/1.1" 200 -
INFO:werkzeug:127.0.0.1 - - [09/Nov/2025 18:58:16] "POST /positions HTTP/1.1" 200 -
INFO:werkzeug:127.0.0.1 - - [09/Nov/2025 18:58:38] "POST /positions HTTP/1.1" 200 -
INFO:werkzeug:127.0.0.1 - - [09/Nov/2025 18:58:42] "POST /positions HTTP/1.1" 200 -
INFO:werkzeug:127.0.0.1 - - [09/Nov/2025 18:58:45] "POST /positions HTTP/1.1" 200 -
INFO:werkzeug:127.0.0.1 - - [09/Nov/2025 18:59:08] "POST /positions HTTP/1.1" 200 -
INFO:werkzeug:127.0.0.1 - - [09/Nov/2025 18:59:11] "POST /positions HTTP/1.1" 200 -
INFO:werkzeug:127.0.0.1 - - [09/Nov/2025 18:59:14] "POST /positions HTTP/1.1" 200 -
INFO:werkzeug:127.0.0.1 - - [09/Nov/2025 18:59:38] "POST /positions HTTP/1.1" 200 -
INFO:werkzeug:127.0.0.1 - - [09/Nov/2025 18:59:41] "POST /positions HTTP/1.1" 200 -
INFO:werkzeug:127.0.0.1 - - [09/Nov/2025 18:59:45] "POST /positions HTTP/1.1" 200 -
INFO:werkzeug:127.0.0.1 - - [09/Nov/2025 19:00:08] "POST /positions HTTP/1.1" 200 -
INFO:werkzeug:127.0.0.1 - - [09/Nov/2025 19:00:11] "POST /positions HTTP/1.1" 200 -
INFO:werkzeug:127.0.0.1 - - [09/Nov/2025 19:00:18] "POST /positions HTTP/1.1" 200 -
INFO:werkzeug:127.0.0.1 - - [09/Nov/2025 19:00:38] "POST /positions HTTP/1.1" 200 -
INFO:werkzeug:127.0.0.1 - - [09/Nov/2025 19:00:41] "POST /positions HTTP/1.1" 200 -
INFO:werkzeug:127.0.0.1 - - [09/Nov/2025 19:00:46] "POST /positions HTTP/1.1" 200 -
INFO:werkzeug:127.0.0.1 - - [09/Nov/2025 19:01:08] "POST /positions HTTP/1.1" 200 -
INFO:werkzeug:127.0.0.1 - - [09/Nov/2025 19:01:11] "POST /positions HTTP/1.1" 200 -
INFO:werkzeug:127.0.0.1 - - [09/Nov/2025 19:01:17] "POST /positions HTTP/1.1" 200 -
INFO:werkzeug:127.0.0.1 - - [09/Nov/2025 19:01:38] "POST /positions HTTP/1.1" 200 -
INFO:werkzeug:127.0.0.1 - - [09/Nov/2025 19:01:40] "POST /positions HTTP/1.1" 200 -
INFO:werkzeug:127.0.0.1 - - [09/Nov/2025 19:01:45] "POST /positions HTTP/1.1" 200 -
INFO:werkzeug:127.0.0.1 - - [09/Nov/2025 19:02:50] "POST /positions HTTP/1.1" 200 -
INFO:werkzeug:127.0.0.1 - - [09/Nov/2025 19:02:53] "POST /positions HTTP/1.1" 200 -
INFO:werkzeug:127.0.0.1 - - [09/Nov/2025 19:02:58] "POST /positions HTTP/1.1" 200 -
INFO:werkzeug:127.0.0.1 - - [09/Nov/2025 19:03:18] "POST /positions HTTP/1.1" 200 -
INFO:werkzeug:127.0.0.1 - - [09/Nov/2025 19:03:21] "POST /positions HTTP/1.1" 200 -
INFO:werkzeug:127.0.0.1 - - [09/Nov/2025 19:03:24] "POST /positions HTTP/1.1" 200 -
INFO:werkzeug:127.0.0.1 - - [09/Nov/2025 19:03:48] "POST /positions HTTP/1.1" 200 -
INFO:werkzeug:127.0.0.1 - - [09/Nov/2025 19:03:52] "POST /positions HTTP/1.1" 200 -
INFO:werkzeug:127.0.0.1 - - [09/Nov/2025 19:03:56] "POST /positions HTTP/1.1" 200 -
INFO:werkzeug:127.0.0.1 - - [09/Nov/2025 19:04:18] "POST /positions HTTP/1.1" 200 -
INFO:werkzeug:127.0.0.1 - - [09/Nov/2025 19:04:22] "POST /positions HTTP/1.1" 200 -
INFO:werkzeug:127.0.0.1 - - [09/Nov/2025 19:04:26] "POST /positions HTTP/1.1" 200 -
INFO:werkzeug:127.0.0.1 - - [09/Nov/2025 19:04:50] "POST /positions HTTP/1.1" 200 -
INFO:werkzeug:127.0.0.1 - - [09/Nov/2025 19:04:52] "POST /positions HTTP/1.1" 200 -
INFO:werkzeug:127.0.0.1 - - [09/Nov/2025 19:04:58] "POST /positions HTTP/1.1" 200 -
INFO:werkzeug:127.0.0.1 - - [09/Nov/2025 19:05:18] "POST /positions HTTP/1.1" 200 -
INFO:werkzeug:127.0.0.1 - - [09/Nov/2025 19:05:21] "POST /positions HTTP/1.1" 200 -
INFO:werkzeug:127.0.0.1 - - [09/Nov/2025 19:05:25] "POST /positions HTTP/1.1" 200 -
INFO:werkzeug:127.0.0.1 - - [09/Nov/2025 19:05:48] "POST /positions HTTP/1.1" 200 -
INFO:werkzeug:127.0.0.1 - - [09/Nov/2025 19:05:51] "POST /positions HTTP/1.1" 200 -
INFO:werkzeug:127.0.0.1 - - [09/Nov/2025 19:05:55] "POST /positions HTTP/1.1" 200 -
INFO:werkzeug:127.0.0.1 - - [09/Nov/2025 19:06:18] "POST /positions HTTP/1.1" 200 -
INFO:werkzeug:127.0.0.1 - - [09/Nov/2025 19:06:23] "POST /positions HTTP/1.1" 200 -
INFO:werkzeug:127.0.0.1 - - [09/Nov/2025 19:06:27] "POST /positions HTTP/1.1" 200 -
INFO:werkzeug:127.0.0.1 - - [09/Nov/2025 19:06:48] "POST /positions HTTP/1.1" 200 -
INFO:werkzeug:127.0.0.1 - - [09/Nov/2025 19:06:51] "POST /positions HTTP/1.1" 200 -
INFO:werkzeug:127.0.0.1 - - [09/Nov/2025 19:06:56] "POST /positions HTTP/1.1" 200 -
INFO:werkzeug:127.0.0.1 - - [09/Nov/2025 19:07:18] "POST /positions HTTP/1.1" 200 -
INFO:werkzeug:127.0.0.1 - - [09/Nov/2025 19:07:21] "POST /positions HTTP/1.1" 200 -
INFO:werkzeug:127.0.0.1 - - [09/Nov/2025 19:07:25] "POST /positions HTTP/1.1" 200 -
INFO:werkzeug:127.0.0.1 - - [09/Nov/2025 19:07:48] "POST /positions HTTP/1.1" 200 -
INFO:werkzeug:127.0.0.1 - - [09/Nov/2025 19:07:54] "POST /positions HTTP/1.1" 200 -
INFO:werkzeug:127.0.0.1 - - [09/Nov/2025 19:07:58] "POST /positions HTTP/1.1" 200 -
INFO:werkzeug:127.0.0.1 - - [09/Nov/2025 19:08:19] "POST /positions HTTP/1.1" 200 -
INFO:werkzeug:127.0.0.1 - - [09/Nov/2025 19:08:22] "POST /positions HTTP/1.1" 200 -
INFO:werkzeug:127.0.0.1 - - [09/Nov/2025 19:08:25] "POST /positions HTTP/1.1" 200 -
INFO:werkzeug:127.0.0.1 - - [09/Nov/2025 19:08:49] "POST /positions HTTP/1.1" 200 -
INFO:werkzeug:127.0.0.1 - - [09/Nov/2025 19:08:52] "POST /positions HTTP/1.1" 200 -
INFO:werkzeug:127.0.0.1 - - [09/Nov/2025 19:08:55] "POST /positions HTTP/1.1" 200 -
INFO:werkzeug:127.0.0.1 - - [09/Nov/2025 19:09:18] "POST /positions HTTP/1.1" 200 -
INFO:werkzeug:127.0.0.1 - - [09/Nov/2025 19:09:21] "POST /positions HTTP/1.1" 200 -
INFO:werkzeug:127.0.0.1 - - [09/Nov/2025 19:09:27] "POST /positions HTTP/1.1" 200 -
INFO:werkzeug:127.0.0.1 - - [09/Nov/2025 19:09:48] "POST /positions HTTP/1.1" 200 -
INFO:werkzeug:127.0.0.1 - - [09/Nov/2025 19:09:51] "POST /positions HTTP/1.1" 200 -
INFO:werkzeug:127.0.0.1 - - [09/Nov/2025 19:09:55] "POST /positions HTTP/1.1" 200 -
INFO:werkzeug:127.0.0.1 - - [09/Nov/2025 19:10:18] "POST /positions HTTP/1.1" 200 -
INFO:werkzeug:127.0.0.1 - - [09/Nov/2025 19:10:22] "POST /positions HTTP/1.1" 200 -
INFO:werkzeug:127.0.0.1 - - [09/Nov/2025 19:10:25] "POST /positions HTTP/1.1" 200 -
INFO:werkzeug:127.0.0.1 - - [09/Nov/2025 19:10:49] "POST /positions HTTP/1.1" 200 -
INFO:werkzeug:127.0.0.1 - - [09/Nov/2025 19:10:52] "POST /positions HTTP/1.1" 200 -
INFO:werkzeug:127.0.0.1 - - [09/Nov/2025 19:10:56] "POST /positions HTTP/1.1" 200 -
INFO:werkzeug:127.0.0.1 - - [09/Nov/2025 19:11:18] "POST /positions HTTP/1.1" 200 -
INFO:werkzeug:127.0.0.1 - - [09/Nov/2025 19:11:22] "POST /positions HTTP/1.1" 200 -
INFO:werkzeug:127.0.0.1 - - [09/Nov/2025 19:11:25] "POST /positions HTTP/1.1" 200 -
INFO:werkzeug:127.0.0.1 - - [09/Nov/2025 19:11:48] "POST /positions HTTP/1.1" 200 -
INFO:werkzeug:127.0.0.1 - - [09/Nov/2025 19:11:51] "POST /positions HTTP/1.1" 200 -
INFO:werkzeug:127.0.0.1 - - [09/Nov/2025 19:11:55] "POST /positions HTTP/1.1" 200 -
INFO:werkzeug:127.0.0.1 - - [09/Nov/2025 19:12:19] "POST /positions HTTP/1.1" 200 -
INFO:werkzeug:127.0.0.1 - - [09/Nov/2025 19:12:22] "POST /positions HTTP/1.1" 200 -
INFO:werkzeug:127.0.0.1 - - [09/Nov/2025 19:12:26] "POST /positions HTTP/1.1" 200 -
INFO:werkzeug:127.0.0.1 - - [09/Nov/2025 19:12:48] "POST /positions HTTP/1.1" 200 -
INFO:werkzeug:127.0.0.1 - - [09/Nov/2025 19:12:52] "POST /positions HTTP/1.1" 200 -
INFO:werkzeug:127.0.0.1 - - [09/Nov/2025 19:12:58] "POST /positions HTTP/1.1" 200 -
INFO:werkzeug:127.0.0.1 - - [09/Nov/2025 19:15:35] "POST /positions HTTP/1.1" 200 -
INFO:werkzeug:127.0.0.1 - - [09/Nov/2025 19:15:38] "POST /positions HTTP/1.1" 200 -
INFO:werkzeug:127.0.0.1 - - [09/Nov/2025 19:15:42] "POST /positions HTTP/1.1" 200 -
INFO:werkzeug:127.0.0.1 - - [09/Nov/2025 19:16:02] "POST /positions HTTP/1.1" 200 -
INFO:werkzeug:127.0.0.1 - - [09/Nov/2025 19:16:05] "POST /positions HTTP/1.1" 200 -
INFO:werkzeug:127.0.0.1 - - [09/Nov/2025 19:16:09] "POST /positions HTTP/1.1" 200 -
INFO:werkzeug:127.0.0.1 - - [09/Nov/2025 19:16:32] "POST /positions HTTP/1.1" 200 -
INFO:werkzeug:127.0.0.1 - - [09/Nov/2025 19:16:35] "POST /positions HTTP/1.1" 200 -
INFO:werkzeug:127.0.0.1 - - [09/Nov/2025 19:16:38] "POST /positions HTTP/1.1" 200 -
INFO:werkzeug:127.0.0.1 - - [09/Nov/2025 19:17:02] "POST /positions HTTP/1.1" 200 -
INFO:werkzeug:127.0.0.1 - - [09/Nov/2025 19:17:05] "POST /positions HTTP/1.1" 200 -
INFO:werkzeug:127.0.0.1 - - [09/Nov/2025 19:17:08] "POST /positions HTTP/1.1" 200 -
INFO:werkzeug:127.0.0.1 - - [09/Nov/2025 19:17:33] "POST /positions HTTP/1.1" 200 -
INFO:werkzeug:127.0.0.1 - - [09/Nov/2025 19:17:36] "POST /positions HTTP/1.1" 200 -
INFO:werkzeug:127.0.0.1 - - [09/Nov/2025 19:17:40] "POST /positions HTTP/1.1" 200 -
INFO:werkzeug:127.0.0.1 - - [09/Nov/2025 19:17:51] "POST /positions HTTP/1.1" 200 -
INFO:werkzeug:127.0.0.1 - - [09/Nov/2025 19:17:53] "POST /positions HTTP/1.1" 200 -
INFO:werkzeug:127.0.0.1 - - [09/Nov/2025 19:17:56] "POST /positions HTTP/1.1" 200 -
INFO:werkzeug:127.0.0.1 - - [09/Nov/2025 19:18:02] "POST /positions HTTP/1.1" 200 -
INFO:werkzeug:127.0.0.1 - - [09/Nov/2025 19:18:05] "POST /positions HTTP/1.1" 200 -
INFO:werkzeug:127.0.0.1 - - [09/Nov/2025 19:18:09] "POST /positions HTTP/1.1" 200 -
INFO:werkzeug:127.0.0.1 - - [09/Nov/2025 19:18:32] "POST /positions HTTP/1.1" 200 -
INFO:werkzeug:127.0.0.1 - - [09/Nov/2025 19:18:37] "POST /positions HTTP/1.1" 200 -
INFO:werkzeug:127.0.0.1 - - [09/Nov/2025 19:18:41] "POST /positions HTTP/1.1" 200 -
